0:0:0:0:0:0:0:1 - - [07/Nov/2017:16:15:23 +0530] "GET /js/app.bf342fee.js HTTP/1.1" 304 - "http://localhost:9000/" "Mozilla/5.0 (Windows NT 10.0; Win64; x64) AppleWebKit/537.36 (KHTML, like Gecko) Chrome/61.0.3163.100 Safari/537.36" "AV+WFZ7HOQqgs7xLAAAD"
0:0:0:0:0:0:0:1 - - [07/Nov/2017:16:15:24 +0530] "GET /api/l10n/index?locale=en-US&ts=2017-10-31T14%3A06%3A54%2B0530 HTTP/1.1" 200 - "http://localhost:9000/" "Mozilla/5.0 (Windows NT 10.0; Win64; x64) AppleWebKit/537.36 (KHTML, like Gecko) Chrome/61.0.3163.100 Safari/537.36" "AV+WFZ7HOQqgs7xLAAAE"
0:0:0:0:0:0:0:1 - - [07/Nov/2017:16:15:24 +0530] "GET /favicon.ico HTTP/1.1" 304 - "http://localhost:9000/" "Mozilla/5.0 (Windows NT 10.0; Win64; x64) AppleWebKit/537.36 (KHTML, like Gecko) Chrome/61.0.3163.100 Safari/537.36" "AV+WFZ7HOQqgs7xLAAAF"
0:0:0:0:0:0:0:1 - - [07/Nov/2017:16:15:24 +0530] "GET /api/system/status HTTP/1.1" 200 67 "http://localhost:9000/" "Mozilla/5.0 (Windows NT 10.0; Win64; x64) AppleWebKit/537.36 (KHTML, like Gecko) Chrome/61.0.3163.100 Safari/537.36" "AV+WFZ7HOQqgs7xLAAAG"
0:0:0:0:0:0:0:1 - - [07/Nov/2017:16:15:24 +0530] "GET /api/users/current HTTP/1.1" 200 98 "http://localhost:9000/" "Mozilla/5.0 (Windows NT 10.0; Win64; x64) AppleWebKit/537.36 (KHTML, like Gecko) Chrome/61.0.3163.100 Safari/537.36" "AV+WFZ7HOQqgs7xLAAAH"
0:0:0:0:0:0:0:1 - - [07/Nov/2017:16:15:24 +0530] "GET /api/languages/list HTTP/1.1" 200 214 "http://localhost:9000/" "Mozilla/5.0 (Windows NT 10.0; Win64; x64) AppleWebKit/537.36 (KHTML, like Gecko) Chrome/61.0.3163.100 Safari/537.36" "AV+WFZ7HOQqgs7xLAAAJ"
0:0:0:0:0:0:0:1 - - [07/Nov/2017:16:15:24 +0530] "GET /api/navigation/global HTTP/1.1" 200 426 "http://localhost:9000/" "Mozilla/5.0 (Windows NT 10.0; Win64; x64) AppleWebKit/537.36 (KHTML, like Gecko) Chrome/61.0.3163.100 Safari/537.36" "AV+WFZ7HOQqgs7xLAAAI"
0:0:0:0:0:0:0:1 - - [07/Nov/2017:16:15:24 +0530] "GET /js/16.38470151.chunk.js HTTP/1.1" 304 - "http://localhost:9000/about" "Mozilla/5.0 (Windows NT 10.0; Win64; x64) AppleWebKit/537.36 (KHTML, like Gecko) Chrome/61.0.3163.100 Safari/537.36" "AV+WFZ7HOQqgs7xLAAAK"
0:0:0:0:0:0:0:1 - - [07/Nov/2017:16:15:24 +0530] "GET /api/settings/values?keys=sonar.lf.aboutText HTTP/1.1" 200 15 "http://localhost:9000/about" "Mozilla/5.0 (Windows NT 10.0; Win64; x64) AppleWebKit/537.36 (KHTML, like Gecko) Chrome/61.0.3163.100 Safari/537.36" "AV+WFZ7HOQqgs7xLAAAN"
0:0:0:0:0:0:0:1 - - [07/Nov/2017:16:15:25 +0530] "GET /api/components/search_projects?ps=1 HTTP/1.1" 200 212 "http://localhost:9000/about" "Mozilla/5.0 (Windows NT 10.0; Win64; x64) AppleWebKit/537.36 (KHTML, like Gecko) Chrome/61.0.3163.100 Safari/537.36" "AV+WFZ7HOQqgs7xLAAAL"
0:0:0:0:0:0:0:1 - - [07/Nov/2017:16:15:25 +0530] "GET /images/logo.svg HTTP/1.1" 304 - "http://localhost:9000/about" "Mozilla/5.0 (Windows NT 10.0; Win64; x64) AppleWebKit/537.36 (KHTML, like Gecko) Chrome/61.0.3163.100 Safari/537.36" "AV+WFZ7HOQqgs7xLAAAO"
0:0:0:0:0:0:0:1 - - [07/Nov/2017:16:15:25 +0530] "GET /images/scanner-logos/msbuild.svg HTTP/1.1" 304 - "http://localhost:9000/about" "Mozilla/5.0 (Windows NT 10.0; Win64; x64) AppleWebKit/537.36 (KHTML, like Gecko) Chrome/61.0.3163.100 Safari/537.36" "AV+WFZ7HOQqgs7xLAAAP"
0:0:0:0:0:0:0:1 - - [07/Nov/2017:16:15:25 +0530] "GET /images/scanner-logos/sonarqube.svg HTTP/1.1" 304 - "http://localhost:9000/about" "Mozilla/5.0 (Windows NT 10.0; Win64; x64) AppleWebKit/537.36 (KHTML, like Gecko) Chrome/61.0.3163.100 Safari/537.36" "AV+WFZ7HOQqgs7xLAAAQ"
0:0:0:0:0:0:0:1 - - [07/Nov/2017:16:15:25 +0530] "GET /images/scanner-logos/gradle.svg HTTP/1.1" 304 - "http://localhost:9000/about" "Mozilla/5.0 (Windows NT 10.0; Win64; x64) AppleWebKit/537.36 (KHTML, like Gecko) Chrome/61.0.3163.100 Safari/537.36" "AV+WFZ7HOQqgs7xLAAAS"
0:0:0:0:0:0:0:1 - - [07/Nov/2017:16:15:25 +0530] "GET /images/scanner-logos/maven.svg HTTP/1.1" 304 - "http://localhost:9000/about" "Mozilla/5.0 (Windows NT 10.0; Win64; x64) AppleWebKit/537.36 (KHTML, like Gecko) Chrome/61.0.3163.100 Safari/537.36" "AV+WFZ7HOQqgs7xLAAAR"
0:0:0:0:0:0:0:1 - - [07/Nov/2017:16:15:25 +0530] "GET /images/scanner-logos/jenkins.svg HTTP/1.1" 304 - "http://localhost:9000/about" "Mozilla/5.0 (Windows NT 10.0; Win64; x64) AppleWebKit/537.36 (KHTML, like Gecko) Chrome/61.0.3163.100 Safari/537.36" "AV+WFZ7HOQqgs7xLAAAU"
0:0:0:0:0:0:0:1 - - [07/Nov/2017:16:15:25 +0530] "GET /fonts/sonar-5.2.woff? HTTP/1.1" 304 - "http://localhost:9000/css/sonar.bf342fee.css" "Mozilla/5.0 (Windows NT 10.0; Win64; x64) AppleWebKit/537.36 (KHTML, like Gecko) Chrome/61.0.3163.100 Safari/537.36" "AV+WFZ7HOQqgs7xLAAAT"
0:0:0:0:0:0:0:1 - - [07/Nov/2017:16:15:25 +0530] "GET /images/scanner-logos/ant.svg HTTP/1.1" 304 - "http://localhost:9000/about" "Mozilla/5.0 (Windows NT 10.0; Win64; x64) AppleWebKit/537.36 (KHTML, like Gecko) Chrome/61.0.3163.100 Safari/537.36" "AV+WFZ7HOQqgs7xLAAAV"
0:0:0:0:0:0:0:1 - - [07/Nov/2017:16:15:25 +0530] "GET /api/issues/search?resolved=false&facets=types&ps=1&additionalFields=_all HTTP/1.1" 200 - "http://localhost:9000/about" "Mozilla/5.0 (Windows NT 10.0; Win64; x64) AppleWebKit/537.36 (KHTML, like Gecko) Chrome/61.0.3163.100 Safari/537.36" "AV+WFZ7HOQqgs7xLAAAM"
0:0:0:0:0:0:0:1 - - [07/Nov/2017:16:15:29 +0530] "GET /sessions/new HTTP/1.1" 200 - "http://localhost:9000/about" "Mozilla/5.0 (Windows NT 10.0; Win64; x64) AppleWebKit/537.36 (KHTML, like Gecko) Chrome/61.0.3163.100 Safari/537.36" "AV+WFZ7HOQqgs7xLAAAW"
0:0:0:0:0:0:0:1 - - [07/Nov/2017:16:15:29 +0530] "GET /js/38.3436e8ce.chunk.js HTTP/1.1" 304 - "http://localhost:9000/sessions/new" "Mozilla/5.0 (Windows NT 10.0; Win64; x64) AppleWebKit/537.36 (KHTML, like Gecko) Chrome/61.0.3163.100 Safari/537.36" "AV+WFZ7HOQqgs7xLAAAX"
0:0:0:0:0:0:0:1 - - [07/Nov/2017:16:15:29 +0530] "GET /api/l10n/index?locale=en-US&ts=2017-11-07T16%3A15%3A24%2B0530 HTTP/1.1" 304 - "http://localhost:9000/sessions/new" "Mozilla/5.0 (Windows NT 10.0; Win64; x64) AppleWebKit/537.36 (KHTML, like Gecko) Chrome/61.0.3163.100 Safari/537.36" "AV+WFZ7HOQqgs7xLAAAY"
0:0:0:0:0:0:0:1 - - [07/Nov/2017:16:15:29 +0530] "GET /api/system/status HTTP/1.1" 200 67 "http://localhost:9000/sessions/new" "Mozilla/5.0 (Windows NT 10.0; Win64; x64) AppleWebKit/537.36 (KHTML, like Gecko) Chrome/61.0.3163.100 Safari/537.36" "AV+WFZ7HOQqgs7xLAAAZ"
0:0:0:0:0:0:0:1 - - [07/Nov/2017:16:15:29 +0530] "GET /api/users/identity_providers HTTP/1.1" 200 24 "http://localhost:9000/sessions/new" "Mozilla/5.0 (Windows NT 10.0; Win64; x64) AppleWebKit/537.36 (KHTML, like Gecko) Chrome/61.0.3163.100 Safari/537.36" "AV+WFZ7HOQqgs7xLAAAa"
0:0:0:0:0:0:0:1 - - [07/Nov/2017:16:15:42 +0530] "POST /api/authentication/login HTTP/1.1" 200 - "http://localhost:9000/sessions/new" "Mozilla/5.0 (Windows NT 10.0; Win64; x64) AppleWebKit/537.36 (KHTML, like Gecko) Chrome/61.0.3163.100 Safari/537.36" "AV+WFZ7HOQqgs7xLAAAb"
0:0:0:0:0:0:0:1 - - [07/Nov/2017:16:15:42 +0530] "GET / HTTP/1.1" 200 - "http://localhost:9000/sessions/new" "Mozilla/5.0 (Windows NT 10.0; Win64; x64) AppleWebKit/537.36 (KHTML, like Gecko) Chrome/61.0.3163.100 Safari/537.36" "AV+WFZ7HOQqgs7xLAAAc"
0:0:0:0:0:0:0:1 - - [07/Nov/2017:16:15:43 +0530] "GET /api/l10n/index?locale=en-US&ts=2017-11-07T16%3A15%3A24%2B0530 HTTP/1.1" 304 - "http://localhost:9000/" "Mozilla/5.0 (Windows NT 10.0; Win64; x64) AppleWebKit/537.36 (KHTML, like Gecko) Chrome/61.0.3163.100 Safari/537.36" "AV+WFZ7HOQqgs7xLAAAd"
0:0:0:0:0:0:0:1 - - [07/Nov/2017:16:15:43 +0530] "GET /api/system/status HTTP/1.1" 200 67 "http://localhost:9000/" "Mozilla/5.0 (Windows NT 10.0; Win64; x64) AppleWebKit/537.36 (KHTML, like Gecko) Chrome/61.0.3163.100 Safari/537.36" "AV+WFZ7HOQqgs7xLAAAe"
0:0:0:0:0:0:0:1 - - [07/Nov/2017:16:15:43 +0530] "GET /api/users/current HTTP/1.1" 200 309 "http://localhost:9000/" "Mozilla/5.0 (Windows NT 10.0; Win64; x64) AppleWebKit/537.36 (KHTML, like Gecko) Chrome/61.0.3163.100 Safari/537.36" "AV+WFZ7HOQqgs7xLAAAf"
0:0:0:0:0:0:0:1 - - [07/Nov/2017:16:15:43 +0530] "GET /api/navigation/global HTTP/1.1" 200 425 "http://localhost:9000/" "Mozilla/5.0 (Windows NT 10.0; Win64; x64) AppleWebKit/537.36 (KHTML, like Gecko) Chrome/61.0.3163.100 Safari/537.36" "AV+WFZ7HOQqgs7xLAAAg"
0:0:0:0:0:0:0:1 - - [07/Nov/2017:16:15:43 +0530] "GET /api/languages/list HTTP/1.1" 200 214 "http://localhost:9000/" "Mozilla/5.0 (Windows NT 10.0; Win64; x64) AppleWebKit/537.36 (KHTML, like Gecko) Chrome/61.0.3163.100 Safari/537.36" "AV+WFZ7HOQqgs7xLAAAh"
0:0:0:0:0:0:0:1 - - [07/Nov/2017:16:15:43 +0530] "GET /js/46.4eb8a1cc.chunk.js HTTP/1.1" 304 - "http://localhost:9000/projects" "Mozilla/5.0 (Windows NT 10.0; Win64; x64) AppleWebKit/537.36 (KHTML, like Gecko) Chrome/61.0.3163.100 Safari/537.36" "AV+WFZ7HOQqgs7xLAAAi"
0:0:0:0:0:0:0:1 - - [07/Nov/2017:16:15:43 +0530] "GET /js/47.9d18b8b5.chunk.js HTTP/1.1" 304 - "http://localhost:9000/projects" "Mozilla/5.0 (Windows NT 10.0; Win64; x64) AppleWebKit/537.36 (KHTML, like Gecko) Chrome/61.0.3163.100 Safari/537.36" "AV+WFZ7HOQqgs7xLAAAj"
0:0:0:0:0:0:0:1 - - [07/Nov/2017:16:15:43 +0530] "GET /api/components/search_projects?filter=isFavorite&ps=1 HTTP/1.1" 200 77 "http://localhost:9000/projects" "Mozilla/5.0 (Windows NT 10.0; Win64; x64) AppleWebKit/537.36 (KHTML, like Gecko) Chrome/61.0.3163.100 Safari/537.36" "AV+WFZ7HOQqgs7xLAAAk"
0:0:0:0:0:0:0:1 - - [07/Nov/2017:16:15:44 +0530] "GET /api/components/search_projects?ps=50&facets=reliability_rating%2Csecurity_rating%2Csqale_rating%2Ccoverage%2Cduplicated_lines_density%2Cncloc%2Calert_status%2Clanguages%2Ctags&f=analysisDate%2CleakPeriodDate HTTP/1.1" 200 - "http://localhost:9000/projects" "Mozilla/5.0 (Windows NT 10.0; Win64; x64) AppleWebKit/537.36 (KHTML, like Gecko) Chrome/61.0.3163.100 Safari/537.36" "AV+WFZ7HOQqgs7xLAAAl"
0:0:0:0:0:0:0:1 - - [07/Nov/2017:16:15:44 +0530] "GET /api/organizations/search?organizations=default-organization HTTP/1.1" 200 144 "http://localhost:9000/projects" "Mozilla/5.0 (Windows NT 10.0; Win64; x64) AppleWebKit/537.36 (KHTML, like Gecko) Chrome/61.0.3163.100 Safari/537.36" "AV+WFZ7HOQqgs7xLAAAn"
0:0:0:0:0:0:0:1 - - [07/Nov/2017:16:15:44 +0530] "GET /api/measures/search?projectKeys=Hello%2CVishnu-Kiran&metricKeys=alert_status%2Creliability_rating%2Csecurity_rating%2Csqale_rating%2Cduplicated_lines_density%2Ccoverage%2Cncloc%2Cncloc_language_distribution HTTP/1.1" 200 - "http://localhost:9000/projects" "Mozilla/5.0 (Windows NT 10.0; Win64; x64) AppleWebKit/537.36 (KHTML, like Gecko) Chrome/61.0.3163.100 Safari/537.36" "AV+WFZ7HOQqgs7xLAAAm"
0:0:0:0:0:0:0:1 - - [07/Nov/2017:16:17:37 +0530] "GET /api/components/search_projects?filter=isFavorite&ps=1 HTTP/1.1" 200 77 "http://localhost:9000/projects" "Mozilla/5.0 (Windows NT 10.0; Win64; x64) AppleWebKit/537.36 (KHTML, like Gecko) Chrome/61.0.3163.100 Safari/537.36" "AV+WFZ7HOQqgs7xLAAAp"
0:0:0:0:0:0:0:1 - - [07/Nov/2017:16:17:37 +0530] "GET /api/components/search_projects?ps=50&facets=reliability_rating%2Csecurity_rating%2Csqale_rating%2Ccoverage%2Cduplicated_lines_density%2Cncloc%2Calert_status%2Clanguages%2Ctags&f=analysisDate%2CleakPeriodDate HTTP/1.1" 200 - "http://localhost:9000/projects" "Mozilla/5.0 (Windows NT 10.0; Win64; x64) AppleWebKit/537.36 (KHTML, like Gecko) Chrome/61.0.3163.100 Safari/537.36" "AV+WFZ7HOQqgs7xLAAAo"
0:0:0:0:0:0:0:1 - - [07/Nov/2017:16:17:37 +0530] "GET /api/components/search_projects?ps=50&facets=reliability_rating%2Csecurity_rating%2Csqale_rating%2Ccoverage%2Cduplicated_lines_density%2Cncloc%2Calert_status%2Clanguages%2Ctags&f=analysisDate%2CleakPeriodDate HTTP/1.1" 200 - "http://localhost:9000/projects" "Mozilla/5.0 (Windows NT 10.0; Win64; x64) AppleWebKit/537.36 (KHTML, like Gecko) Chrome/61.0.3163.100 Safari/537.36" "AV+WFZ7HOQqgs7xLAAAq"
0:0:0:0:0:0:0:1 - - [07/Nov/2017:16:17:37 +0530] "GET /api/measures/search?projectKeys=Hello%2CVishnu-Kiran&metricKeys=alert_status%2Creliability_rating%2Csecurity_rating%2Csqale_rating%2Cduplicated_lines_density%2Ccoverage%2Cncloc%2Cncloc_language_distribution HTTP/1.1" 200 - "http://localhost:9000/projects" "Mozilla/5.0 (Windows NT 10.0; Win64; x64) AppleWebKit/537.36 (KHTML, like Gecko) Chrome/61.0.3163.100 Safari/537.36" "AV+WFZ7HOQqgs7xLAAAr"
0:0:0:0:0:0:0:1 - - [07/Nov/2017:16:17:37 +0530] "GET /api/organizations/search?organizations=default-organization HTTP/1.1" 200 144 "http://localhost:9000/projects" "Mozilla/5.0 (Windows NT 10.0; Win64; x64) AppleWebKit/537.36 (KHTML, like Gecko) Chrome/61.0.3163.100 Safari/537.36" "AV+WFZ7HOQqgs7xLAAAs"
0:0:0:0:0:0:0:1 - - [07/Nov/2017:16:17:37 +0530] "GET /api/measures/search?projectKeys=Hello%2CVishnu-Kiran&metricKeys=alert_status%2Creliability_rating%2Csecurity_rating%2Csqale_rating%2Cduplicated_lines_density%2Ccoverage%2Cncloc%2Cncloc_language_distribution HTTP/1.1" 200 - "http://localhost:9000/projects" "Mozilla/5.0 (Windows NT 10.0; Win64; x64) AppleWebKit/537.36 (KHTML, like Gecko) Chrome/61.0.3163.100 Safari/537.36" "AV+WFZ7HOQqgs7xLAAAt"
0:0:0:0:0:0:0:1 - - [07/Nov/2017:16:17:37 +0530] "GET /api/organizations/search?organizations=default-organization HTTP/1.1" 200 144 "http://localhost:9000/projects" "Mozilla/5.0 (Windows NT 10.0; Win64; x64) AppleWebKit/537.36 (KHTML, like Gecko) Chrome/61.0.3163.100 Safari/537.36" "AV+WFZ7HOQqgs7xLAAAu"
0:0:0:0:0:0:0:1 - - [07/Nov/2017:16:17:43 +0530] "GET /js/37.23abaad8.chunk.js HTTP/1.1" 304 - "http://localhost:9000/account" "Mozilla/5.0 (Windows NT 10.0; Win64; x64) AppleWebKit/537.36 (KHTML, like Gecko) Chrome/61.0.3163.100 Safari/537.36" "AV+WFZ7HOQqgs7xLAAAv"
0:0:0:0:0:0:0:1 - - [07/Nov/2017:16:17:43 +0530] "GET /js/33.888ba684.chunk.js HTTP/1.1" 304 - "http://localhost:9000/account" "Mozilla/5.0 (Windows NT 10.0; Win64; x64) AppleWebKit/537.36 (KHTML, like Gecko) Chrome/61.0.3163.100 Safari/537.36" "AV+WFZ7HOQqgs7xLAAAw"
0:0:0:0:0:0:0:1 - - [07/Nov/2017:16:17:49 +0530] "GET /js/18.4ed9515a.chunk.js HTTP/1.1" 304 - "http://localhost:9000/account/security/" "Mozilla/5.0 (Windows NT 10.0; Win64; x64) AppleWebKit/537.36 (KHTML, like Gecko) Chrome/61.0.3163.100 Safari/537.36" "AV+WFZ7HOQqgs7xLAAAx"
0:0:0:0:0:0:0:1 - - [07/Nov/2017:16:17:49 +0530] "GET /api/user_tokens/search?login=admin HTTP/1.1" 200 94 "http://localhost:9000/account/security/" "Mozilla/5.0 (Windows NT 10.0; Win64; x64) AppleWebKit/537.36 (KHTML, like Gecko) Chrome/61.0.3163.100 Safari/537.36" "AV+WFZ7HOQqgs7xLAAAy"
0:0:0:0:0:0:0:1 - - [07/Nov/2017:16:18:46 +0530] "GET / HTTP/1.1" 200 - "-" "Mozilla/5.0 (Windows NT 10.0; Win64; x64) AppleWebKit/537.36 (KHTML, like Gecko) Chrome/61.0.3163.100 Safari/537.36" "AV+WFZ7HOQqgs7xLAAAz"
0:0:0:0:0:0:0:1 - - [07/Nov/2017:16:18:47 +0530] "GET /api/l10n/index?locale=en-US&ts=2017-11-07T16%3A15%3A24%2B0530 HTTP/1.1" 304 - "http://localhost:9000/" "Mozilla/5.0 (Windows NT 10.0; Win64; x64) AppleWebKit/537.36 (KHTML, like Gecko) Chrome/61.0.3163.100 Safari/537.36" "AV+WFZ7HOQqgs7xLAAA0"
0:0:0:0:0:0:0:1 - - [07/Nov/2017:16:18:47 +0530] "GET /api/system/status HTTP/1.1" 200 67 "http://localhost:9000/" "Mozilla/5.0 (Windows NT 10.0; Win64; x64) AppleWebKit/537.36 (KHTML, like Gecko) Chrome/61.0.3163.100 Safari/537.36" "AV+WFZ7HOQqgs7xLAAA1"
0:0:0:0:0:0:0:1 - - [07/Nov/2017:16:18:47 +0530] "GET /api/users/current HTTP/1.1" 200 309 "http://localhost:9000/" "Mozilla/5.0 (Windows NT 10.0; Win64; x64) AppleWebKit/537.36 (KHTML, like Gecko) Chrome/61.0.3163.100 Safari/537.36" "AV+WFZ7HOQqgs7xLAAA2"
0:0:0:0:0:0:0:1 - - [07/Nov/2017:16:18:47 +0530] "GET /api/languages/list HTTP/1.1" 200 214 "http://localhost:9000/" "Mozilla/5.0 (Windows NT 10.0; Win64; x64) AppleWebKit/537.36 (KHTML, like Gecko) Chrome/61.0.3163.100 Safari/537.36" "AV+WFZ7HOQqgs7xLAAA4"
0:0:0:0:0:0:0:1 - - [07/Nov/2017:16:18:47 +0530] "GET /api/navigation/global HTTP/1.1" 200 425 "http://localhost:9000/" "Mozilla/5.0 (Windows NT 10.0; Win64; x64) AppleWebKit/537.36 (KHTML, like Gecko) Chrome/61.0.3163.100 Safari/537.36" "AV+WFZ7HOQqgs7xLAAA3"
0:0:0:0:0:0:0:1 - - [07/Nov/2017:16:18:47 +0530] "GET /api/components/search_projects?filter=isFavorite&ps=1 HTTP/1.1" 200 77 "http://localhost:9000/projects" "Mozilla/5.0 (Windows NT 10.0; Win64; x64) AppleWebKit/537.36 (KHTML, like Gecko) Chrome/61.0.3163.100 Safari/537.36" "AV+WFZ7HOQqgs7xLAAA5"
0:0:0:0:0:0:0:1 - - [07/Nov/2017:16:18:47 +0530] "GET /api/components/search_projects?ps=50&facets=reliability_rating%2Csecurity_rating%2Csqale_rating%2Ccoverage%2Cduplicated_lines_density%2Cncloc%2Calert_status%2Clanguages%2Ctags&f=analysisDate%2CleakPeriodDate HTTP/1.1" 200 - "http://localhost:9000/projects" "Mozilla/5.0 (Windows NT 10.0; Win64; x64) AppleWebKit/537.36 (KHTML, like Gecko) Chrome/61.0.3163.100 Safari/537.36" "AV+WFZ7HOQqgs7xLAAA6"
0:0:0:0:0:0:0:1 - - [07/Nov/2017:16:18:47 +0530] "GET /api/organizations/search?organizations=default-organization HTTP/1.1" 200 144 "http://localhost:9000/projects" "Mozilla/5.0 (Windows NT 10.0; Win64; x64) AppleWebKit/537.36 (KHTML, like Gecko) Chrome/61.0.3163.100 Safari/537.36" "AV+WFZ7HOQqgs7xLAAA8"
0:0:0:0:0:0:0:1 - - [07/Nov/2017:16:18:47 +0530] "GET /api/measures/search?projectKeys=Hello%2CVishnu-Kiran&metricKeys=alert_status%2Creliability_rating%2Csecurity_rating%2Csqale_rating%2Cduplicated_lines_density%2Ccoverage%2Cncloc%2Cncloc_language_distribution HTTP/1.1" 200 - "http://localhost:9000/projects" "Mozilla/5.0 (Windows NT 10.0; Win64; x64) AppleWebKit/537.36 (KHTML, like Gecko) Chrome/61.0.3163.100 Safari/537.36" "AV+WFZ7HOQqgs7xLAAA7"
0:0:0:0:0:0:0:1 - - [07/Nov/2017:16:19:47 +0530] "GET /projects HTTP/1.1" 200 - "-" "Mozilla/5.0 (Windows NT 10.0; Win64; x64) AppleWebKit/537.36 (KHTML, like Gecko) Chrome/61.0.3163.100 Safari/537.36" "AV+WFZ7HOQqgs7xLAAA9"
0:0:0:0:0:0:0:1 - - [07/Nov/2017:16:19:48 +0530] "GET /api/l10n/index?locale=en-US&ts=2017-11-07T16%3A15%3A24%2B0530 HTTP/1.1" 304 - "http://localhost:9000/projects" "Mozilla/5.0 (Windows NT 10.0; Win64; x64) AppleWebKit/537.36 (KHTML, like Gecko) Chrome/61.0.3163.100 Safari/537.36" "AV+WFZ7HOQqgs7xLAAA+"
0:0:0:0:0:0:0:1 - - [07/Nov/2017:16:19:48 +0530] "GET /api/system/status HTTP/1.1" 200 67 "http://localhost:9000/projects" "Mozilla/5.0 (Windows NT 10.0; Win64; x64) AppleWebKit/537.36 (KHTML, like Gecko) Chrome/61.0.3163.100 Safari/537.36" "AV+WFZ7HOQqgs7xLAAA/"
0:0:0:0:0:0:0:1 - - [07/Nov/2017:16:19:48 +0530] "GET /api/users/current HTTP/1.1" 200 309 "http://localhost:9000/projects" "Mozilla/5.0 (Windows NT 10.0; Win64; x64) AppleWebKit/537.36 (KHTML, like Gecko) Chrome/61.0.3163.100 Safari/537.36" "AV+WFZ7HOQqgs7xLAABA"
0:0:0:0:0:0:0:1 - - [07/Nov/2017:16:19:48 +0530] "GET /api/languages/list HTTP/1.1" 200 214 "http://localhost:9000/projects" "Mozilla/5.0 (Windows NT 10.0; Win64; x64) AppleWebKit/537.36 (KHTML, like Gecko) Chrome/61.0.3163.100 Safari/537.36" "AV+WFZ7HOQqgs7xLAABC"
0:0:0:0:0:0:0:1 - - [07/Nov/2017:16:19:48 +0530] "GET /api/navigation/global HTTP/1.1" 200 425 "http://localhost:9000/projects" "Mozilla/5.0 (Windows NT 10.0; Win64; x64) AppleWebKit/537.36 (KHTML, like Gecko) Chrome/61.0.3163.100 Safari/537.36" "AV+WFZ7HOQqgs7xLAABB"
0:0:0:0:0:0:0:1 - - [07/Nov/2017:16:19:48 +0530] "GET /api/components/search_projects?filter=isFavorite&ps=1 HTTP/1.1" 200 77 "http://localhost:9000/projects" "Mozilla/5.0 (Windows NT 10.0; Win64; x64) AppleWebKit/537.36 (KHTML, like Gecko) Chrome/61.0.3163.100 Safari/537.36" "AV+WFZ7HOQqgs7xLAABD"
0:0:0:0:0:0:0:1 - - [07/Nov/2017:16:19:49 +0530] "GET /api/components/search_projects?ps=50&facets=reliability_rating%2Csecurity_rating%2Csqale_rating%2Ccoverage%2Cduplicated_lines_density%2Cncloc%2Calert_status%2Clanguages%2Ctags&f=analysisDate%2CleakPeriodDate HTTP/1.1" 200 - "http://localhost:9000/projects" "Mozilla/5.0 (Windows NT 10.0; Win64; x64) AppleWebKit/537.36 (KHTML, like Gecko) Chrome/61.0.3163.100 Safari/537.36" "AV+WFZ7HOQqgs7xLAABE"
0:0:0:0:0:0:0:1 - - [07/Nov/2017:16:19:49 +0530] "GET /api/organizations/search?organizations=default-organization HTTP/1.1" 200 144 "http://localhost:9000/projects" "Mozilla/5.0 (Windows NT 10.0; Win64; x64) AppleWebKit/537.36 (KHTML, like Gecko) Chrome/61.0.3163.100 Safari/537.36" "AV+WFZ7HOQqgs7xLAABG"
0:0:0:0:0:0:0:1 - - [07/Nov/2017:16:19:49 +0530] "GET /api/measures/search?projectKeys=Hello%2CVishnu-Kiran&metricKeys=alert_status%2Creliability_rating%2Csecurity_rating%2Csqale_rating%2Cduplicated_lines_density%2Ccoverage%2Cncloc%2Cncloc_language_distribution HTTP/1.1" 200 - "http://localhost:9000/projects" "Mozilla/5.0 (Windows NT 10.0; Win64; x64) AppleWebKit/537.36 (KHTML, like Gecko) Chrome/61.0.3163.100 Safari/537.36" "AV+WFZ7HOQqgs7xLAABF"
0:0:0:0:0:0:0:1 - - [07/Nov/2017:16:19:59 +0530] "GET /js/44.6d57930b.chunk.js HTTP/1.1" 200 1552 "http://localhost:9000/sessions/logout" "Mozilla/5.0 (Windows NT 10.0; Win64; x64) AppleWebKit/537.36 (KHTML, like Gecko) Chrome/61.0.3163.100 Safari/537.36" "AV+WFZ7HOQqgs7xLAABH"
0:0:0:0:0:0:0:1 - - [07/Nov/2017:16:19:59 +0530] "POST /api/authentication/logout HTTP/1.1" 200 - "http://localhost:9000/sessions/logout" "Mozilla/5.0 (Windows NT 10.0; Win64; x64) AppleWebKit/537.36 (KHTML, like Gecko) Chrome/61.0.3163.100 Safari/537.36" "AV+WFZ7HOQqgs7xLAABI"
0:0:0:0:0:0:0:1 - - [07/Nov/2017:16:19:59 +0530] "GET / HTTP/1.1" 200 - "http://localhost:9000/sessions/logout" "Mozilla/5.0 (Windows NT 10.0; Win64; x64) AppleWebKit/537.36 (KHTML, like Gecko) Chrome/61.0.3163.100 Safari/537.36" "AV+WFZ7HOQqgs7xLAABJ"
0:0:0:0:0:0:0:1 - - [07/Nov/2017:16:19:59 +0530] "GET /api/l10n/index?locale=en-US&ts=2017-11-07T16%3A15%3A24%2B0530 HTTP/1.1" 304 - "http://localhost:9000/" "Mozilla/5.0 (Windows NT 10.0; Win64; x64) AppleWebKit/537.36 (KHTML, like Gecko) Chrome/61.0.3163.100 Safari/537.36" "AV+WFZ7HOQqgs7xLAABK"
0:0:0:0:0:0:0:1 - - [07/Nov/2017:16:20:00 +0530] "GET /api/system/status HTTP/1.1" 200 67 "http://localhost:9000/" "Mozilla/5.0 (Windows NT 10.0; Win64; x64) AppleWebKit/537.36 (KHTML, like Gecko) Chrome/61.0.3163.100 Safari/537.36" "AV+WFZ7HOQqgs7xLAABL"
0:0:0:0:0:0:0:1 - - [07/Nov/2017:16:20:00 +0530] "GET /api/users/current HTTP/1.1" 200 98 "http://localhost:9000/" "Mozilla/5.0 (Windows NT 10.0; Win64; x64) AppleWebKit/537.36 (KHTML, like Gecko) Chrome/61.0.3163.100 Safari/537.36" "AV+WFZ7HOQqgs7xLAABM"
0:0:0:0:0:0:0:1 - - [07/Nov/2017:16:20:00 +0530] "GET /api/languages/list HTTP/1.1" 200 214 "http://localhost:9000/" "Mozilla/5.0 (Windows NT 10.0; Win64; x64) AppleWebKit/537.36 (KHTML, like Gecko) Chrome/61.0.3163.100 Safari/537.36" "AV+WFZ7HOQqgs7xLAABO"
0:0:0:0:0:0:0:1 - - [07/Nov/2017:16:20:00 +0530] "GET /api/navigation/global HTTP/1.1" 200 426 "http://localhost:9000/" "Mozilla/5.0 (Windows NT 10.0; Win64; x64) AppleWebKit/537.36 (KHTML, like Gecko) Chrome/61.0.3163.100 Safari/537.36" "AV+WFZ7HOQqgs7xLAABN"
0:0:0:0:0:0:0:1 - - [07/Nov/2017:16:20:00 +0530] "GET /api/components/search_projects?ps=1 HTTP/1.1" 200 212 "http://localhost:9000/about" "Mozilla/5.0 (Windows NT 10.0; Win64; x64) AppleWebKit/537.36 (KHTML, like Gecko) Chrome/61.0.3163.100 Safari/537.36" "AV+WFZ7HOQqgs7xLAABP"
0:0:0:0:0:0:0:1 - - [07/Nov/2017:16:20:00 +0530] "GET /api/issues/search?resolved=false&facets=types&ps=1&additionalFields=_all HTTP/1.1" 200 - "http://localhost:9000/about" "Mozilla/5.0 (Windows NT 10.0; Win64; x64) AppleWebKit/537.36 (KHTML, like Gecko) Chrome/61.0.3163.100 Safari/537.36" "AV+WFZ7HOQqgs7xLAABQ"
0:0:0:0:0:0:0:1 - - [07/Nov/2017:16:20:00 +0530] "GET /api/settings/values?keys=sonar.lf.aboutText HTTP/1.1" 200 15 "http://localhost:9000/about" "Mozilla/5.0 (Windows NT 10.0; Win64; x64) AppleWebKit/537.36 (KHTML, like Gecko) Chrome/61.0.3163.100 Safari/537.36" "AV+WFZ7HOQqgs7xLAABR"
0:0:0:0:0:0:0:1 - - [07/Nov/2017:16:20:07 +0530] "GET / HTTP/1.1" 200 - "-" "Mozilla/5.0 (Windows NT 10.0; Win64; x64) AppleWebKit/537.36 (KHTML, like Gecko) Chrome/61.0.3163.100 Safari/537.36" "AV+WFZ7HOQqgs7xLAABS"
0:0:0:0:0:0:0:1 - - [07/Nov/2017:16:20:07 +0530] "GET /api/l10n/index?locale=en-US&ts=2017-11-07T16%3A15%3A24%2B0530 HTTP/1.1" 304 - "http://localhost:9000/" "Mozilla/5.0 (Windows NT 10.0; Win64; x64) AppleWebKit/537.36 (KHTML, like Gecko) Chrome/61.0.3163.100 Safari/537.36" "AV+WFZ7HOQqgs7xLAABT"
0:0:0:0:0:0:0:1 - - [07/Nov/2017:16:20:07 +0530] "GET /api/system/status HTTP/1.1" 200 67 "http://localhost:9000/" "Mozilla/5.0 (Windows NT 10.0; Win64; x64) AppleWebKit/537.36 (KHTML, like Gecko) Chrome/61.0.3163.100 Safari/537.36" "AV+WFZ7HOQqgs7xLAABU"
0:0:0:0:0:0:0:1 - - [07/Nov/2017:16:20:07 +0530] "GET /api/users/current HTTP/1.1" 200 98 "http://localhost:9000/" "Mozilla/5.0 (Windows NT 10.0; Win64; x64) AppleWebKit/537.36 (KHTML, like Gecko) Chrome/61.0.3163.100 Safari/537.36" "AV+WFZ7HOQqgs7xLAABV"
0:0:0:0:0:0:0:1 - - [07/Nov/2017:16:20:07 +0530] "GET /api/languages/list HTTP/1.1" 200 214 "http://localhost:9000/" "Mozilla/5.0 (Windows NT 10.0; Win64; x64) AppleWebKit/537.36 (KHTML, like Gecko) Chrome/61.0.3163.100 Safari/537.36" "AV+WFZ7HOQqgs7xLAABX"
0:0:0:0:0:0:0:1 - - [07/Nov/2017:16:20:07 +0530] "GET /api/navigation/global HTTP/1.1" 200 426 "http://localhost:9000/" "Mozilla/5.0 (Windows NT 10.0; Win64; x64) AppleWebKit/537.36 (KHTML, like Gecko) Chrome/61.0.3163.100 Safari/537.36" "AV+WFZ7HOQqgs7xLAABW"
0:0:0:0:0:0:0:1 - - [07/Nov/2017:16:20:07 +0530] "GET /api/settings/values?keys=sonar.lf.aboutText HTTP/1.1" 200 15 "http://localhost:9000/about" "Mozilla/5.0 (Windows NT 10.0; Win64; x64) AppleWebKit/537.36 (KHTML, like Gecko) Chrome/61.0.3163.100 Safari/537.36" "AV+WFZ7HOQqgs7xLAABa"
0:0:0:0:0:0:0:1 - - [07/Nov/2017:16:20:08 +0530] "GET /api/components/search_projects?ps=1 HTTP/1.1" 200 212 "http://localhost:9000/about" "Mozilla/5.0 (Windows NT 10.0; Win64; x64) AppleWebKit/537.36 (KHTML, like Gecko) Chrome/61.0.3163.100 Safari/537.36" "AV+WFZ7HOQqgs7xLAABY"
0:0:0:0:0:0:0:1 - - [07/Nov/2017:16:20:08 +0530] "GET /api/issues/search?resolved=false&facets=types&ps=1&additionalFields=_all HTTP/1.1" 200 - "http://localhost:9000/about" "Mozilla/5.0 (Windows NT 10.0; Win64; x64) AppleWebKit/537.36 (KHTML, like Gecko) Chrome/61.0.3163.100 Safari/537.36" "AV+WFZ7HOQqgs7xLAABZ"
0:0:0:0:0:0:0:1 - - [07/Nov/2017:16:20:15 +0530] "GET /sessions/new HTTP/1.1" 200 - "http://localhost:9000/about" "Mozilla/5.0 (Windows NT 10.0; Win64; x64) AppleWebKit/537.36 (KHTML, like Gecko) Chrome/61.0.3163.100 Safari/537.36" "AV+WFZ7HOQqgs7xLAABb"
0:0:0:0:0:0:0:1 - - [07/Nov/2017:16:20:15 +0530] "GET /api/l10n/index?locale=en-US&ts=2017-11-07T16%3A15%3A24%2B0530 HTTP/1.1" 304 - "http://localhost:9000/sessions/new" "Mozilla/5.0 (Windows NT 10.0; Win64; x64) AppleWebKit/537.36 (KHTML, like Gecko) Chrome/61.0.3163.100 Safari/537.36" "AV+WFZ7HOQqgs7xLAABc"
0:0:0:0:0:0:0:1 - - [07/Nov/2017:16:20:15 +0530] "GET /api/system/status HTTP/1.1" 200 67 "http://localhost:9000/sessions/new" "Mozilla/5.0 (Windows NT 10.0; Win64; x64) AppleWebKit/537.36 (KHTML, like Gecko) Chrome/61.0.3163.100 Safari/537.36" "AV+WFZ7HOQqgs7xLAABd"
0:0:0:0:0:0:0:1 - - [07/Nov/2017:16:20:15 +0530] "GET /api/users/identity_providers HTTP/1.1" 200 24 "http://localhost:9000/sessions/new" "Mozilla/5.0 (Windows NT 10.0; Win64; x64) AppleWebKit/537.36 (KHTML, like Gecko) Chrome/61.0.3163.100 Safari/537.36" "AV+WFZ7HOQqgs7xLAABe"
0:0:0:0:0:0:0:1 - - [07/Nov/2017:16:20:24 +0530] "POST /api/authentication/login HTTP/1.1" 200 - "http://localhost:9000/sessions/new" "Mozilla/5.0 (Windows NT 10.0; Win64; x64) AppleWebKit/537.36 (KHTML, like Gecko) Chrome/61.0.3163.100 Safari/537.36" "AV+WFZ7HOQqgs7xLAABf"
0:0:0:0:0:0:0:1 - - [07/Nov/2017:16:20:24 +0530] "GET / HTTP/1.1" 200 - "http://localhost:9000/sessions/new" "Mozilla/5.0 (Windows NT 10.0; Win64; x64) AppleWebKit/537.36 (KHTML, like Gecko) Chrome/61.0.3163.100 Safari/537.36" "AV+WFZ7HOQqgs7xLAABg"
0:0:0:0:0:0:0:1 - - [07/Nov/2017:16:20:25 +0530] "GET /api/l10n/index?locale=en-US&ts=2017-11-07T16%3A15%3A24%2B0530 HTTP/1.1" 304 - "http://localhost:9000/" "Mozilla/5.0 (Windows NT 10.0; Win64; x64) AppleWebKit/537.36 (KHTML, like Gecko) Chrome/61.0.3163.100 Safari/537.36" "AV+WFZ7HOQqgs7xLAABh"
0:0:0:0:0:0:0:1 - - [07/Nov/2017:16:20:25 +0530] "GET /api/system/status HTTP/1.1" 200 67 "http://localhost:9000/" "Mozilla/5.0 (Windows NT 10.0; Win64; x64) AppleWebKit/537.36 (KHTML, like Gecko) Chrome/61.0.3163.100 Safari/537.36" "AV+WFZ7HOQqgs7xLAABi"
0:0:0:0:0:0:0:1 - - [07/Nov/2017:16:20:25 +0530] "GET /api/users/current HTTP/1.1" 200 309 "http://localhost:9000/" "Mozilla/5.0 (Windows NT 10.0; Win64; x64) AppleWebKit/537.36 (KHTML, like Gecko) Chrome/61.0.3163.100 Safari/537.36" "AV+WFZ7HOQqgs7xLAABj"
0:0:0:0:0:0:0:1 - - [07/Nov/2017:16:20:25 +0530] "GET /api/languages/list HTTP/1.1" 200 214 "http://localhost:9000/" "Mozilla/5.0 (Windows NT 10.0; Win64; x64) AppleWebKit/537.36 (KHTML, like Gecko) Chrome/61.0.3163.100 Safari/537.36" "AV+WFZ7HOQqgs7xLAABl"
0:0:0:0:0:0:0:1 - - [07/Nov/2017:16:20:25 +0530] "GET /api/navigation/global HTTP/1.1" 200 425 "http://localhost:9000/" "Mozilla/5.0 (Windows NT 10.0; Win64; x64) AppleWebKit/537.36 (KHTML, like Gecko) Chrome/61.0.3163.100 Safari/537.36" "AV+WFZ7HOQqgs7xLAABk"
0:0:0:0:0:0:0:1 - - [07/Nov/2017:16:20:25 +0530] "GET /api/components/search_projects?filter=isFavorite&ps=1 HTTP/1.1" 200 77 "http://localhost:9000/projects" "Mozilla/5.0 (Windows NT 10.0; Win64; x64) AppleWebKit/537.36 (KHTML, like Gecko) Chrome/61.0.3163.100 Safari/537.36" "AV+WFZ7HOQqgs7xLAABm"
0:0:0:0:0:0:0:1 - - [07/Nov/2017:16:20:25 +0530] "GET /api/components/search_projects?ps=50&facets=reliability_rating%2Csecurity_rating%2Csqale_rating%2Ccoverage%2Cduplicated_lines_density%2Cncloc%2Calert_status%2Clanguages%2Ctags&f=analysisDate%2CleakPeriodDate HTTP/1.1" 200 - "http://localhost:9000/projects" "Mozilla/5.0 (Windows NT 10.0; Win64; x64) AppleWebKit/537.36 (KHTML, like Gecko) Chrome/61.0.3163.100 Safari/537.36" "AV+WFZ7HOQqgs7xLAABn"
0:0:0:0:0:0:0:1 - - [07/Nov/2017:16:20:25 +0530] "GET /api/organizations/search?organizations=default-organization HTTP/1.1" 200 144 "http://localhost:9000/projects" "Mozilla/5.0 (Windows NT 10.0; Win64; x64) AppleWebKit/537.36 (KHTML, like Gecko) Chrome/61.0.3163.100 Safari/537.36" "AV+WFZ7HOQqgs7xLAABp"
0:0:0:0:0:0:0:1 - - [07/Nov/2017:16:20:25 +0530] "GET /api/measures/search?projectKeys=Hello%2CVishnu-Kiran&metricKeys=alert_status%2Creliability_rating%2Csecurity_rating%2Csqale_rating%2Cduplicated_lines_density%2Ccoverage%2Cncloc%2Cncloc_language_distribution HTTP/1.1" 200 - "http://localhost:9000/projects" "Mozilla/5.0 (Windows NT 10.0; Win64; x64) AppleWebKit/537.36 (KHTML, like Gecko) Chrome/61.0.3163.100 Safari/537.36" "AV+WFZ7HOQqgs7xLAABo"
0:0:0:0:0:0:0:1 - - [07/Nov/2017:16:22:19 +0530] "GET /api/user_tokens/search?login=admin HTTP/1.1" 200 94 "http://localhost:9000/account/security/" "Mozilla/5.0 (Windows NT 10.0; Win64; x64) AppleWebKit/537.36 (KHTML, like Gecko) Chrome/61.0.3163.100 Safari/537.36" "AV+WFZ7HOQqgs7xLAABq"
0:0:0:0:0:0:0:1 - - [07/Nov/2017:16:22:38 +0530] "POST /api/user_tokens/generate HTTP/1.1" 200 85 "http://localhost:9000/account/security/" "Mozilla/5.0 (Windows NT 10.0; Win64; x64) AppleWebKit/537.36 (KHTML, like Gecko) Chrome/61.0.3163.100 Safari/537.36" "AV+WFZ7HOQqgs7xLAABr"
0:0:0:0:0:0:0:1 - - [07/Nov/2017:16:22:38 +0530] "GET /api/user_tokens/search?login=admin HTTP/1.1" 200 152 "http://localhost:9000/account/security/" "Mozilla/5.0 (Windows NT 10.0; Win64; x64) AppleWebKit/537.36 (KHTML, like Gecko) Chrome/61.0.3163.100 Safari/537.36" "AV+WFZ7HOQqgs7xLAABs"
