0:0:0:0:0:0:0:1 - - [19/Feb/2018:23:04:45 +0530] "GET /js/vendor.0ba4fd94.js HTTP/1.1" 200 - "http://localhost:9000/" "Mozilla/5.0 (Windows NT 10.0; WOW64; Trident/7.0; gdn/adcp; managedpc; rv:11.0) like Gecko" "AWGvIdLzBrLL5Q9AAAAD"
0:0:0:0:0:0:0:1 - - [19/Feb/2018:23:04:47 +0530] "GET /favicon.ico HTTP/1.1" 200 5430 "-" "Mozilla/5.0 (Windows NT 10.0; WOW64; Trident/7.0; gdn/adcp; managedpc; rv:11.0) like Gecko" "AWGvIdLzBrLL5Q9AAAAF"
0:0:0:0:0:0:0:1 - - [19/Feb/2018:23:04:47 +0530] "GET /api/l10n/index?locale=en-US HTTP/1.1" 200 - "http://localhost:9000/" "Mozilla/5.0 (Windows NT 10.0; WOW64; Trident/7.0; gdn/adcp; managedpc; rv:11.0) like Gecko" "AWGvIdLzBrLL5Q9AAAAE"
0:0:0:0:0:0:0:1 - - [19/Feb/2018:23:04:47 +0530] "GET /api/system/status HTTP/1.1" 200 67 "http://localhost:9000/" "Mozilla/5.0 (Windows NT 10.0; WOW64; Trident/7.0; gdn/adcp; managedpc; rv:11.0) like Gecko" "AWGvIdLzBrLL5Q9AAAAG"
0:0:0:0:0:0:0:1 - - [19/Feb/2018:23:04:48 +0530] "GET /api/users/current HTTP/1.1" 200 98 "http://localhost:9000/" "Mozilla/5.0 (Windows NT 10.0; WOW64; Trident/7.0; gdn/adcp; managedpc; rv:11.0) like Gecko" "AWGvIdLzBrLL5Q9AAAAH"
0:0:0:0:0:0:0:1 - - [19/Feb/2018:23:04:48 +0530] "GET /api/languages/list HTTP/1.1" 200 214 "http://localhost:9000/" "Mozilla/5.0 (Windows NT 10.0; WOW64; Trident/7.0; gdn/adcp; managedpc; rv:11.0) like Gecko" "AWGvIdLzBrLL5Q9AAAAJ"
0:0:0:0:0:0:0:1 - - [19/Feb/2018:23:04:48 +0530] "GET /api/navigation/global HTTP/1.1" 200 426 "http://localhost:9000/" "Mozilla/5.0 (Windows NT 10.0; WOW64; Trident/7.0; gdn/adcp; managedpc; rv:11.0) like Gecko" "AWGvIdLzBrLL5Q9AAAAI"
0:0:0:0:0:0:0:1 - - [19/Feb/2018:23:04:48 +0530] "GET /js/16.38470151.chunk.js HTTP/1.1" 200 - "http://localhost:9000/about" "Mozilla/5.0 (Windows NT 10.0; WOW64; Trident/7.0; gdn/adcp; managedpc; rv:11.0) like Gecko" "AWGvIdLzBrLL5Q9AAAAK"
0:0:0:0:0:0:0:1 - - [19/Feb/2018:23:04:48 +0530] "GET /images/logo.svg HTTP/1.1" 200 5848 "http://localhost:9000/about" "Mozilla/5.0 (Windows NT 10.0; WOW64; Trident/7.0; gdn/adcp; managedpc; rv:11.0) like Gecko" "AWGvIdLzBrLL5Q9AAAAL"
0:0:0:0:0:0:0:1 - - [19/Feb/2018:23:04:48 +0530] "GET /images/scanner-logos/msbuild.svg HTTP/1.1" 200 722 "http://localhost:9000/about" "Mozilla/5.0 (Windows NT 10.0; WOW64; Trident/7.0; gdn/adcp; managedpc; rv:11.0) like Gecko" "AWGvIdLzBrLL5Q9AAAAN"
0:0:0:0:0:0:0:1 - - [19/Feb/2018:23:04:48 +0530] "GET /images/scanner-logos/gradle.svg HTTP/1.1" 200 3708 "http://localhost:9000/about" "Mozilla/5.0 (Windows NT 10.0; WOW64; Trident/7.0; gdn/adcp; managedpc; rv:11.0) like Gecko" "AWGvIdLzBrLL5Q9AAAAP"
0:0:0:0:0:0:0:1 - - [19/Feb/2018:23:04:48 +0530] "GET /images/scanner-logos/maven.svg HTTP/1.1" 200 2234 "http://localhost:9000/about" "Mozilla/5.0 (Windows NT 10.0; WOW64; Trident/7.0; gdn/adcp; managedpc; rv:11.0) like Gecko" "AWGvIdLzBrLL5Q9AAAAO"
0:0:0:0:0:0:0:1 - - [19/Feb/2018:23:04:48 +0530] "GET /images/scanner-logos/jenkins.svg HTTP/1.1" 200 14902 "http://localhost:9000/about" "Mozilla/5.0 (Windows NT 10.0; WOW64; Trident/7.0; gdn/adcp; managedpc; rv:11.0) like Gecko" "AWGvIdLzBrLL5Q9AAAAQ"
0:0:0:0:0:0:0:1 - - [19/Feb/2018:23:04:48 +0530] "GET /images/scanner-logos/sonarqube.svg HTTP/1.1" 200 8422 "http://localhost:9000/about" "Mozilla/5.0 (Windows NT 10.0; WOW64; Trident/7.0; gdn/adcp; managedpc; rv:11.0) like Gecko" "AWGvIdLzBrLL5Q9AAAAM"
0:0:0:0:0:0:0:1 - - [19/Feb/2018:23:04:48 +0530] "GET /images/scanner-logos/ant.svg HTTP/1.1" 200 9688 "http://localhost:9000/about" "Mozilla/5.0 (Windows NT 10.0; WOW64; Trident/7.0; gdn/adcp; managedpc; rv:11.0) like Gecko" "AWGvIdLzBrLL5Q9AAAAR"
0:0:0:0:0:0:0:1 - - [19/Feb/2018:23:04:48 +0530] "GET /fonts/sonar-5.2.eot? HTTP/1.1" 200 17992 "http://localhost:9000/about" "Mozilla/5.0 (Windows NT 10.0; WOW64; Trident/7.0; gdn/adcp; managedpc; rv:11.0) like Gecko" "AWGvIdLzBrLL5Q9AAAAV"
0:0:0:0:0:0:0:1 - - [19/Feb/2018:23:04:48 +0530] "GET /api/settings/values?keys=sonar.lf.aboutText HTTP/1.1" 200 15 "http://localhost:9000/about" "Mozilla/5.0 (Windows NT 10.0; WOW64; Trident/7.0; gdn/adcp; managedpc; rv:11.0) like Gecko" "AWGvIdLzBrLL5Q9AAAAU"
0:0:0:0:0:0:0:1 - - [19/Feb/2018:23:04:49 +0530] "GET /api/components/search_projects?ps=1 HTTP/1.1" 200 219 "http://localhost:9000/about" "Mozilla/5.0 (Windows NT 10.0; WOW64; Trident/7.0; gdn/adcp; managedpc; rv:11.0) like Gecko" "AWGvIdLzBrLL5Q9AAAAS"
0:0:0:0:0:0:0:1 - - [19/Feb/2018:23:04:50 +0530] "GET /api/issues/search?resolved=false&facets=types&ps=1&additionalFields=_all HTTP/1.1" 200 - "http://localhost:9000/about" "Mozilla/5.0 (Windows NT 10.0; WOW64; Trident/7.0; gdn/adcp; managedpc; rv:11.0) like Gecko" "AWGvIdLzBrLL5Q9AAAAT"
0:0:0:0:0:0:0:1 - - [19/Feb/2018:23:05:14 +0530] "GET /sessions/new HTTP/1.1" 200 - "http://localhost:9000/about" "Mozilla/5.0 (Windows NT 10.0; WOW64; Trident/7.0; gdn/adcp; managedpc; rv:11.0) like Gecko" "AWGvIdLzBrLL5Q9AAAAW"
0:0:0:0:0:0:0:1 - - [19/Feb/2018:23:05:15 +0530] "GET /js/38.3436e8ce.chunk.js HTTP/1.1" 200 5787 "http://localhost:9000/sessions/new" "Mozilla/5.0 (Windows NT 10.0; WOW64; Trident/7.0; gdn/adcp; managedpc; rv:11.0) like Gecko" "AWGvIdLzBrLL5Q9AAAAX"
0:0:0:0:0:0:0:1 - - [19/Feb/2018:23:05:15 +0530] "GET /api/l10n/index?locale=en-US&ts=2018-02-19T23%3A04%3A47%2B0530 HTTP/1.1" 304 - "http://localhost:9000/sessions/new" "Mozilla/5.0 (Windows NT 10.0; WOW64; Trident/7.0; gdn/adcp; managedpc; rv:11.0) like Gecko" "AWGvIdLzBrLL5Q9AAAAY"
0:0:0:0:0:0:0:1 - - [19/Feb/2018:23:05:15 +0530] "GET /api/system/status HTTP/1.1" 200 67 "http://localhost:9000/sessions/new" "Mozilla/5.0 (Windows NT 10.0; WOW64; Trident/7.0; gdn/adcp; managedpc; rv:11.0) like Gecko" "AWGvIdLzBrLL5Q9AAAAZ"
0:0:0:0:0:0:0:1 - - [19/Feb/2018:23:05:15 +0530] "GET /api/users/identity_providers HTTP/1.1" 200 24 "http://localhost:9000/sessions/new" "Mozilla/5.0 (Windows NT 10.0; WOW64; Trident/7.0; gdn/adcp; managedpc; rv:11.0) like Gecko" "AWGvIdLzBrLL5Q9AAAAa"
0:0:0:0:0:0:0:1 - - [19/Feb/2018:23:05:25 +0530] "POST /api/authentication/login HTTP/1.1" 200 - "http://localhost:9000/sessions/new" "Mozilla/5.0 (Windows NT 10.0; WOW64; Trident/7.0; gdn/adcp; managedpc; rv:11.0) like Gecko" "AWGvIdLzBrLL5Q9AAAAb"
0:0:0:0:0:0:0:1 - - [19/Feb/2018:23:05:25 +0530] "GET / HTTP/1.1" 200 - "http://localhost:9000/sessions/new" "Mozilla/5.0 (Windows NT 10.0; WOW64; Trident/7.0; gdn/adcp; managedpc; rv:11.0) like Gecko" "AWGvIdLzBrLL5Q9AAAAc"
0:0:0:0:0:0:0:1 - - [19/Feb/2018:23:05:25 +0530] "GET /api/l10n/index?locale=en-US&ts=2018-02-19T23%3A04%3A47%2B0530 HTTP/1.1" 304 - "http://localhost:9000/" "Mozilla/5.0 (Windows NT 10.0; WOW64; Trident/7.0; gdn/adcp; managedpc; rv:11.0) like Gecko" "AWGvIdLzBrLL5Q9AAAAd"
0:0:0:0:0:0:0:1 - - [19/Feb/2018:23:05:25 +0530] "GET /api/system/status HTTP/1.1" 200 67 "http://localhost:9000/" "Mozilla/5.0 (Windows NT 10.0; WOW64; Trident/7.0; gdn/adcp; managedpc; rv:11.0) like Gecko" "AWGvIdLzBrLL5Q9AAAAe"
0:0:0:0:0:0:0:1 - - [19/Feb/2018:23:05:25 +0530] "GET /api/users/current HTTP/1.1" 200 309 "http://localhost:9000/" "Mozilla/5.0 (Windows NT 10.0; WOW64; Trident/7.0; gdn/adcp; managedpc; rv:11.0) like Gecko" "AWGvIdLzBrLL5Q9AAAAf"
0:0:0:0:0:0:0:1 - - [19/Feb/2018:23:05:26 +0530] "GET /api/languages/list HTTP/1.1" 200 214 "http://localhost:9000/" "Mozilla/5.0 (Windows NT 10.0; WOW64; Trident/7.0; gdn/adcp; managedpc; rv:11.0) like Gecko" "AWGvIdLzBrLL5Q9AAAAh"
0:0:0:0:0:0:0:1 - - [19/Feb/2018:23:05:26 +0530] "GET /api/navigation/global HTTP/1.1" 200 425 "http://localhost:9000/" "Mozilla/5.0 (Windows NT 10.0; WOW64; Trident/7.0; gdn/adcp; managedpc; rv:11.0) like Gecko" "AWGvIdLzBrLL5Q9AAAAg"
0:0:0:0:0:0:0:1 - - [19/Feb/2018:23:05:26 +0530] "GET /js/46.4eb8a1cc.chunk.js HTTP/1.1" 200 2836 "http://localhost:9000/projects" "Mozilla/5.0 (Windows NT 10.0; WOW64; Trident/7.0; gdn/adcp; managedpc; rv:11.0) like Gecko" "AWGvIdLzBrLL5Q9AAAAi"
0:0:0:0:0:0:0:1 - - [19/Feb/2018:23:05:26 +0530] "GET /js/47.9d18b8b5.chunk.js HTTP/1.1" 200 1505 "http://localhost:9000/projects" "Mozilla/5.0 (Windows NT 10.0; WOW64; Trident/7.0; gdn/adcp; managedpc; rv:11.0) like Gecko" "AWGvIdLzBrLL5Q9AAAAj"
0:0:0:0:0:0:0:1 - - [19/Feb/2018:23:05:26 +0530] "GET /api/components/search_projects?filter=isFavorite&ps=1 HTTP/1.1" 200 77 "http://localhost:9000/projects" "Mozilla/5.0 (Windows NT 10.0; WOW64; Trident/7.0; gdn/adcp; managedpc; rv:11.0) like Gecko" "AWGvIdLzBrLL5Q9AAAAk"
0:0:0:0:0:0:0:1 - - [19/Feb/2018:23:05:26 +0530] "GET /api/components/search_projects?ps=50&facets=reliability_rating%2Csecurity_rating%2Csqale_rating%2Ccoverage%2Cduplicated_lines_density%2Cncloc%2Calert_status%2Clanguages%2Ctags&f=analysisDate%2CleakPeriodDate HTTP/1.1" 200 - "http://localhost:9000/projects" "Mozilla/5.0 (Windows NT 10.0; WOW64; Trident/7.0; gdn/adcp; managedpc; rv:11.0) like Gecko" "AWGvIdLzBrLL5Q9AAAAl"
0:0:0:0:0:0:0:1 - - [19/Feb/2018:23:05:26 +0530] "GET /api/organizations/search?organizations=default-organization HTTP/1.1" 200 144 "http://localhost:9000/projects" "Mozilla/5.0 (Windows NT 10.0; WOW64; Trident/7.0; gdn/adcp; managedpc; rv:11.0) like Gecko" "AWGvIdLzBrLL5Q9AAAAn"
0:0:0:0:0:0:0:1 - - [19/Feb/2018:23:05:26 +0530] "GET /api/measures/search?projectKeys=Hello%2CVishnu-Kiran&metricKeys=alert_status%2Creliability_rating%2Csecurity_rating%2Csqale_rating%2Cduplicated_lines_density%2Ccoverage%2Cncloc%2Cncloc_language_distribution HTTP/1.1" 200 - "http://localhost:9000/projects" "Mozilla/5.0 (Windows NT 10.0; WOW64; Trident/7.0; gdn/adcp; managedpc; rv:11.0) like Gecko" "AWGvIdLzBrLL5Q9AAAAm"
0:0:0:0:0:0:0:1 - - [19/Feb/2018:23:21:13 +0530] "GET /js/37.23abaad8.chunk.js HTTP/1.1" 200 6447 "http://localhost:9000/account" "Mozilla/5.0 (Windows NT 10.0; WOW64; Trident/7.0; gdn/adcp; managedpc; rv:11.0) like Gecko" "AWGvIdLzBrLL5Q9AAAAo"
0:0:0:0:0:0:0:1 - - [19/Feb/2018:23:21:13 +0530] "GET /js/33.888ba684.chunk.js HTTP/1.1" 200 - "http://localhost:9000/account" "Mozilla/5.0 (Windows NT 10.0; WOW64; Trident/7.0; gdn/adcp; managedpc; rv:11.0) like Gecko" "AWGvIdLzBrLL5Q9AAAAp"
0:0:0:0:0:0:0:1 - - [19/Feb/2018:23:21:16 +0530] "GET /js/18.4ed9515a.chunk.js HTTP/1.1" 200 - "http://localhost:9000/account/security/" "Mozilla/5.0 (Windows NT 10.0; WOW64; Trident/7.0; gdn/adcp; managedpc; rv:11.0) like Gecko" "AWGvIdLzBrLL5Q9AAAAq"
0:0:0:0:0:0:0:1 - - [19/Feb/2018:23:21:16 +0530] "GET /api/user_tokens/search?login=admin HTTP/1.1" 200 207 "http://localhost:9000/account/security/" "Mozilla/5.0 (Windows NT 10.0; WOW64; Trident/7.0; gdn/adcp; managedpc; rv:11.0) like Gecko" "AWGvIdLzBrLL5Q9AAAAr"
0:0:0:0:0:0:0:1 - - [19/Feb/2018:23:22:06 +0530] "POST /api/user_tokens/generate HTTP/1.1" 200 83 "http://localhost:9000/account/security/" "Mozilla/5.0 (Windows NT 10.0; WOW64; Trident/7.0; gdn/adcp; managedpc; rv:11.0) like Gecko" "AWGvIdLzBrLL5Q9AAAAs"
0:0:0:0:0:0:0:1 - - [19/Feb/2018:23:22:07 +0530] "GET /api/user_tokens/search?login=admin HTTP/1.1" 200 263 "http://localhost:9000/account/security/" "Mozilla/5.0 (Windows NT 10.0; WOW64; Trident/7.0; gdn/adcp; managedpc; rv:11.0) like Gecko" "AWGvIdLzBrLL5Q9AAAAt"
