0:0:0:0:0:0:0:1 - - [26/Mar/2018:22:57:04 +0530] "GET /js/vendor.0ba4fd94.js HTTP/1.1" 200 - "http://localhost:9000/" "Mozilla/5.0 (Windows NT 10.0; WOW64; Trident/7.0; gdn/adcp; rv:11.0) like Gecko" "-"
0:0:0:0:0:0:0:1 - - [26/Mar/2018:22:57:05 +0530] "GET /favicon.ico HTTP/1.1" 200 5430 "-" "Mozilla/5.0 (Windows NT 10.0; WOW64; Trident/7.0; gdn/adcp; rv:11.0) like Gecko" "-"
0:0:0:0:0:0:0:1 - - [26/Mar/2018:22:57:05 +0530] "GET /api/l10n/index?locale=en-US HTTP/1.1" 200 - "http://localhost:9000/" "Mozilla/5.0 (Windows NT 10.0; WOW64; Trident/7.0; gdn/adcp; rv:11.0) like Gecko" "-"
0:0:0:0:0:0:0:1 - - [26/Mar/2018:22:57:06 +0530] "GET /api/system/status HTTP/1.1" 200 73 "http://localhost:9000/" "Mozilla/5.0 (Windows NT 10.0; WOW64; Trident/7.0; gdn/adcp; rv:11.0) like Gecko" "-"
0:0:0:0:0:0:0:1 - - [26/Mar/2018:22:57:06 +0530] "GET /api/system/status HTTP/1.1" 200 73 "http://localhost:9000/maintenance" "Mozilla/5.0 (Windows NT 10.0; WOW64; Trident/7.0; gdn/adcp; rv:11.0) like Gecko" "-"
0:0:0:0:0:0:0:1 - - [26/Mar/2018:22:57:11 +0530] "GET /api/system/status HTTP/1.1" 200 73 "http://localhost:9000/maintenance" "Mozilla/5.0 (Windows NT 10.0; WOW64; Trident/7.0; gdn/adcp; rv:11.0) like Gecko" "-"
0:0:0:0:0:0:0:1 - - [26/Mar/2018:22:57:16 +0530] "GET /api/system/status HTTP/1.1" 200 73 "http://localhost:9000/maintenance" "Mozilla/5.0 (Windows NT 10.0; WOW64; Trident/7.0; gdn/adcp; rv:11.0) like Gecko" "-"
0:0:0:0:0:0:0:1 - - [26/Mar/2018:22:57:21 +0530] "GET /api/system/status HTTP/1.1" 200 73 "http://localhost:9000/maintenance" "Mozilla/5.0 (Windows NT 10.0; WOW64; Trident/7.0; gdn/adcp; rv:11.0) like Gecko" "-"
0:0:0:0:0:0:0:1 - - [26/Mar/2018:22:57:26 +0530] "GET /api/system/status HTTP/1.1" 200 67 "http://localhost:9000/maintenance" "Mozilla/5.0 (Windows NT 10.0; WOW64; Trident/7.0; gdn/adcp; rv:11.0) like Gecko" "AWJjWbcNxVO7GJSFAAAA"
0:0:0:0:0:0:0:1 - - [26/Mar/2018:22:57:29 +0530] "GET / HTTP/1.1" 200 - "http://localhost:9000/maintenance" "Mozilla/5.0 (Windows NT 10.0; WOW64; Trident/7.0; gdn/adcp; rv:11.0) like Gecko" "AWJjWbcNxVO7GJSFAAAB"
0:0:0:0:0:0:0:1 - - [26/Mar/2018:22:57:30 +0530] "GET /api/l10n/index?locale=en-US&ts=2018-03-26T22%3A57%3A06%2B0530 HTTP/1.1" 304 - "http://localhost:9000/" "Mozilla/5.0 (Windows NT 10.0; WOW64; Trident/7.0; gdn/adcp; rv:11.0) like Gecko" "AWJjWbcNxVO7GJSFAAAC"
0:0:0:0:0:0:0:1 - - [26/Mar/2018:22:57:30 +0530] "GET /api/system/status HTTP/1.1" 200 67 "http://localhost:9000/" "Mozilla/5.0 (Windows NT 10.0; WOW64; Trident/7.0; gdn/adcp; rv:11.0) like Gecko" "AWJjWbcNxVO7GJSFAAAD"
0:0:0:0:0:0:0:1 - - [26/Mar/2018:22:57:31 +0530] "GET /api/users/current HTTP/1.1" 200 98 "http://localhost:9000/" "Mozilla/5.0 (Windows NT 10.0; WOW64; Trident/7.0; gdn/adcp; rv:11.0) like Gecko" "AWJjWbcNxVO7GJSFAAAE"
0:0:0:0:0:0:0:1 - - [26/Mar/2018:22:57:31 +0530] "GET /api/languages/list HTTP/1.1" 200 214 "http://localhost:9000/" "Mozilla/5.0 (Windows NT 10.0; WOW64; Trident/7.0; gdn/adcp; rv:11.0) like Gecko" "AWJjWbcNxVO7GJSFAAAF"
0:0:0:0:0:0:0:1 - - [26/Mar/2018:22:57:31 +0530] "GET /api/navigation/global HTTP/1.1" 200 426 "http://localhost:9000/" "Mozilla/5.0 (Windows NT 10.0; WOW64; Trident/7.0; gdn/adcp; rv:11.0) like Gecko" "AWJjWbcNxVO7GJSFAAAG"
0:0:0:0:0:0:0:1 - - [26/Mar/2018:22:57:31 +0530] "GET /js/16.38470151.chunk.js HTTP/1.1" 200 - "http://localhost:9000/about" "Mozilla/5.0 (Windows NT 10.0; WOW64; Trident/7.0; gdn/adcp; rv:11.0) like Gecko" "AWJjWbcNxVO7GJSFAAAH"
0:0:0:0:0:0:0:1 - - [26/Mar/2018:22:57:31 +0530] "GET /images/logo.svg HTTP/1.1" 200 5848 "http://localhost:9000/about" "Mozilla/5.0 (Windows NT 10.0; WOW64; Trident/7.0; gdn/adcp; rv:11.0) like Gecko" "AWJjWbcNxVO7GJSFAAAI"
0:0:0:0:0:0:0:1 - - [26/Mar/2018:22:57:31 +0530] "GET /images/scanner-logos/jenkins.svg HTTP/1.1" 200 14902 "http://localhost:9000/about" "Mozilla/5.0 (Windows NT 10.0; WOW64; Trident/7.0; gdn/adcp; rv:11.0) like Gecko" "AWJjWbcNxVO7GJSFAAAN"
0:0:0:0:0:0:0:1 - - [26/Mar/2018:22:57:31 +0530] "GET /images/scanner-logos/gradle.svg HTTP/1.1" 200 3708 "http://localhost:9000/about" "Mozilla/5.0 (Windows NT 10.0; WOW64; Trident/7.0; gdn/adcp; rv:11.0) like Gecko" "AWJjWbcNxVO7GJSFAAAJ"
0:0:0:0:0:0:0:1 - - [26/Mar/2018:22:57:31 +0530] "GET /images/scanner-logos/maven.svg HTTP/1.1" 200 2234 "http://localhost:9000/about" "Mozilla/5.0 (Windows NT 10.0; WOW64; Trident/7.0; gdn/adcp; rv:11.0) like Gecko" "AWJjWbcNxVO7GJSFAAAM"
0:0:0:0:0:0:0:1 - - [26/Mar/2018:22:57:31 +0530] "GET /images/scanner-logos/msbuild.svg HTTP/1.1" 200 722 "http://localhost:9000/about" "Mozilla/5.0 (Windows NT 10.0; WOW64; Trident/7.0; gdn/adcp; rv:11.0) like Gecko" "AWJjWbcNxVO7GJSFAAAP"
0:0:0:0:0:0:0:1 - - [26/Mar/2018:22:57:31 +0530] "GET /images/scanner-logos/sonarqube.svg HTTP/1.1" 200 8422 "http://localhost:9000/about" "Mozilla/5.0 (Windows NT 10.0; WOW64; Trident/7.0; gdn/adcp; rv:11.0) like Gecko" "AWJjWbcNxVO7GJSFAAAK"
0:0:0:0:0:0:0:1 - - [26/Mar/2018:22:57:31 +0530] "GET /fonts/sonar-5.2.eot? HTTP/1.1" 200 17992 "http://localhost:9000/about" "Mozilla/5.0 (Windows NT 10.0; WOW64; Trident/7.0; gdn/adcp; rv:11.0) like Gecko" "AWJjWbcNxVO7GJSFAAAO"
0:0:0:0:0:0:0:1 - - [26/Mar/2018:22:57:31 +0530] "GET /images/scanner-logos/ant.svg HTTP/1.1" 200 9688 "http://localhost:9000/about" "Mozilla/5.0 (Windows NT 10.0; WOW64; Trident/7.0; gdn/adcp; rv:11.0) like Gecko" "AWJjWbcNxVO7GJSFAAAL"
0:0:0:0:0:0:0:1 - - [26/Mar/2018:22:57:31 +0530] "GET /api/settings/values?keys=sonar.lf.aboutText HTTP/1.1" 200 15 "http://localhost:9000/about" "Mozilla/5.0 (Windows NT 10.0; WOW64; Trident/7.0; gdn/adcp; rv:11.0) like Gecko" "AWJjWbcNxVO7GJSFAAAR"
0:0:0:0:0:0:0:1 - - [26/Mar/2018:22:57:32 +0530] "GET /api/components/search_projects?ps=1 HTTP/1.1" 200 219 "http://localhost:9000/about" "Mozilla/5.0 (Windows NT 10.0; WOW64; Trident/7.0; gdn/adcp; rv:11.0) like Gecko" "AWJjWbcNxVO7GJSFAAAQ"
0:0:0:0:0:0:0:1 - - [26/Mar/2018:22:57:32 +0530] "GET /api/issues/search?resolved=false&facets=types&ps=1&additionalFields=_all HTTP/1.1" 200 - "http://localhost:9000/about" "Mozilla/5.0 (Windows NT 10.0; WOW64; Trident/7.0; gdn/adcp; rv:11.0) like Gecko" "AWJjWbcNxVO7GJSFAAAS"
0:0:0:0:0:0:0:1 - - [26/Mar/2018:23:12:43 +0530] "GET /js/38.3436e8ce.chunk.js HTTP/1.1" 200 5787 "http://localhost:9000/sessions/new" "Mozilla/5.0 (Windows NT 10.0; WOW64; Trident/7.0; gdn/adcp; rv:11.0) like Gecko" "AWJjWbcNxVO7GJSFAAAT"
0:0:0:0:0:0:0:1 - - [26/Mar/2018:23:12:43 +0530] "GET /api/users/identity_providers HTTP/1.1" 200 24 "http://localhost:9000/sessions/new" "Mozilla/5.0 (Windows NT 10.0; WOW64; Trident/7.0; gdn/adcp; rv:11.0) like Gecko" "AWJjWbcNxVO7GJSFAAAU"
0:0:0:0:0:0:0:1 - - [26/Mar/2018:23:12:52 +0530] "POST /api/authentication/login HTTP/1.1" 200 - "http://localhost:9000/sessions/new" "Mozilla/5.0 (Windows NT 10.0; WOW64; Trident/7.0; gdn/adcp; rv:11.0) like Gecko" "AWJjWbcNxVO7GJSFAAAV"
0:0:0:0:0:0:0:1 - - [26/Mar/2018:23:12:52 +0530] "GET / HTTP/1.1" 200 - "http://localhost:9000/sessions/new" "Mozilla/5.0 (Windows NT 10.0; WOW64; Trident/7.0; gdn/adcp; rv:11.0) like Gecko" "AWJjWbcNxVO7GJSFAAAW"
0:0:0:0:0:0:0:1 - - [26/Mar/2018:23:12:53 +0530] "GET /api/l10n/index?locale=en-US&ts=2018-03-26T22%3A57%3A06%2B0530 HTTP/1.1" 304 - "http://localhost:9000/" "Mozilla/5.0 (Windows NT 10.0; WOW64; Trident/7.0; gdn/adcp; rv:11.0) like Gecko" "AWJjWbcNxVO7GJSFAAAX"
0:0:0:0:0:0:0:1 - - [26/Mar/2018:23:12:53 +0530] "GET /api/system/status HTTP/1.1" 200 67 "http://localhost:9000/" "Mozilla/5.0 (Windows NT 10.0; WOW64; Trident/7.0; gdn/adcp; rv:11.0) like Gecko" "AWJjWbcNxVO7GJSFAAAY"
0:0:0:0:0:0:0:1 - - [26/Mar/2018:23:12:53 +0530] "GET /api/users/current HTTP/1.1" 200 309 "http://localhost:9000/" "Mozilla/5.0 (Windows NT 10.0; WOW64; Trident/7.0; gdn/adcp; rv:11.0) like Gecko" "AWJjWbcNxVO7GJSFAAAZ"
0:0:0:0:0:0:0:1 - - [26/Mar/2018:23:12:54 +0530] "GET /api/navigation/global HTTP/1.1" 200 425 "http://localhost:9000/" "Mozilla/5.0 (Windows NT 10.0; WOW64; Trident/7.0; gdn/adcp; rv:11.0) like Gecko" "AWJjWbcNxVO7GJSFAAAa"
0:0:0:0:0:0:0:1 - - [26/Mar/2018:23:12:54 +0530] "GET /api/languages/list HTTP/1.1" 200 214 "http://localhost:9000/" "Mozilla/5.0 (Windows NT 10.0; WOW64; Trident/7.0; gdn/adcp; rv:11.0) like Gecko" "AWJjWbcNxVO7GJSFAAAb"
0:0:0:0:0:0:0:1 - - [26/Mar/2018:23:12:54 +0530] "GET /js/46.4eb8a1cc.chunk.js HTTP/1.1" 200 2836 "http://localhost:9000/projects" "Mozilla/5.0 (Windows NT 10.0; WOW64; Trident/7.0; gdn/adcp; rv:11.0) like Gecko" "AWJjWbcNxVO7GJSFAAAc"
0:0:0:0:0:0:0:1 - - [26/Mar/2018:23:12:54 +0530] "GET /js/47.9d18b8b5.chunk.js HTTP/1.1" 200 1505 "http://localhost:9000/projects" "Mozilla/5.0 (Windows NT 10.0; WOW64; Trident/7.0; gdn/adcp; rv:11.0) like Gecko" "AWJjWbcNxVO7GJSFAAAd"
0:0:0:0:0:0:0:1 - - [26/Mar/2018:23:12:54 +0530] "GET /api/components/search_projects?filter=isFavorite&ps=1 HTTP/1.1" 200 77 "http://localhost:9000/projects" "Mozilla/5.0 (Windows NT 10.0; WOW64; Trident/7.0; gdn/adcp; rv:11.0) like Gecko" "AWJjWbcNxVO7GJSFAAAe"
0:0:0:0:0:0:0:1 - - [26/Mar/2018:23:12:55 +0530] "GET /api/components/search_projects?ps=50&facets=reliability_rating%2Csecurity_rating%2Csqale_rating%2Ccoverage%2Cduplicated_lines_density%2Cncloc%2Calert_status%2Clanguages%2Ctags&f=analysisDate%2CleakPeriodDate HTTP/1.1" 200 - "http://localhost:9000/projects" "Mozilla/5.0 (Windows NT 10.0; WOW64; Trident/7.0; gdn/adcp; rv:11.0) like Gecko" "AWJjWbcNxVO7GJSFAAAf"
0:0:0:0:0:0:0:1 - - [26/Mar/2018:23:12:55 +0530] "GET /api/organizations/search?organizations=default-organization HTTP/1.1" 200 144 "http://localhost:9000/projects" "Mozilla/5.0 (Windows NT 10.0; WOW64; Trident/7.0; gdn/adcp; rv:11.0) like Gecko" "AWJjWbcNxVO7GJSFAAAh"
0:0:0:0:0:0:0:1 - - [26/Mar/2018:23:12:56 +0530] "GET /api/measures/search?projectKeys=Vishnu-Kiran%2CHello&metricKeys=alert_status%2Creliability_rating%2Csecurity_rating%2Csqale_rating%2Cduplicated_lines_density%2Ccoverage%2Cncloc%2Cncloc_language_distribution HTTP/1.1" 200 - "http://localhost:9000/projects" "Mozilla/5.0 (Windows NT 10.0; WOW64; Trident/7.0; gdn/adcp; rv:11.0) like Gecko" "AWJjWbcNxVO7GJSFAAAg"
0:0:0:0:0:0:0:1 - - [26/Mar/2018:23:17:38 +0530] "GET /js/37.23abaad8.chunk.js HTTP/1.1" 200 6447 "http://localhost:9000/account" "Mozilla/5.0 (Windows NT 10.0; WOW64; Trident/7.0; gdn/adcp; rv:11.0) like Gecko" "AWJjWbcNxVO7GJSFAAAi"
0:0:0:0:0:0:0:1 - - [26/Mar/2018:23:17:38 +0530] "GET /js/33.888ba684.chunk.js HTTP/1.1" 200 - "http://localhost:9000/account" "Mozilla/5.0 (Windows NT 10.0; WOW64; Trident/7.0; gdn/adcp; rv:11.0) like Gecko" "AWJjWbcNxVO7GJSFAAAj"
0:0:0:0:0:0:0:1 - - [26/Mar/2018:23:17:41 +0530] "GET /js/18.4ed9515a.chunk.js HTTP/1.1" 200 - "http://localhost:9000/account/security/" "Mozilla/5.0 (Windows NT 10.0; WOW64; Trident/7.0; gdn/adcp; rv:11.0) like Gecko" "AWJjWbcNxVO7GJSFAAAk"
0:0:0:0:0:0:0:1 - - [26/Mar/2018:23:17:41 +0530] "GET /api/user_tokens/search?login=admin HTTP/1.1" 200 321 "http://localhost:9000/account/security/" "Mozilla/5.0 (Windows NT 10.0; WOW64; Trident/7.0; gdn/adcp; rv:11.0) like Gecko" "AWJjWbcNxVO7GJSFAAAl"
0:0:0:0:0:0:0:1 - - [26/Mar/2018:23:17:58 +0530] "POST /api/user_tokens/generate HTTP/1.1" 200 85 "http://localhost:9000/account/security/" "Mozilla/5.0 (Windows NT 10.0; WOW64; Trident/7.0; gdn/adcp; rv:11.0) like Gecko" "AWJjWbcNxVO7GJSFAAAm"
0:0:0:0:0:0:0:1 - - [26/Mar/2018:23:17:58 +0530] "GET /api/user_tokens/search?login=admin HTTP/1.1" 200 379 "http://localhost:9000/account/security/" "Mozilla/5.0 (Windows NT 10.0; WOW64; Trident/7.0; gdn/adcp; rv:11.0) like Gecko" "AWJjWbcNxVO7GJSFAAAn"
0:0:0:0:0:0:0:1 - - [27/Mar/2018:11:06:26 +0530] "GET /css/sonar.bf342fee.css HTTP/1.1" 200 - "http://localhost:9000/" "Mozilla/5.0 (Windows NT 10.0; WOW64; Trident/7.0; gdn/adcp; rv:11.0) like Gecko" "AWJjWbcNxVO7GJSFAAAp"
0:0:0:0:0:0:0:1 - - [27/Mar/2018:11:06:27 +0530] "GET /js/app.bf342fee.js HTTP/1.1" 200 - "http://localhost:9000/" "Mozilla/5.0 (Windows NT 10.0; WOW64; Trident/7.0; gdn/adcp; rv:11.0) like Gecko" "AWJjWbcNxVO7GJSFAAAr"
0:0:0:0:0:0:0:1 - - [27/Mar/2018:11:06:27 +0530] "GET /js/vendor.0ba4fd94.js HTTP/1.1" 200 - "http://localhost:9000/" "Mozilla/5.0 (Windows NT 10.0; WOW64; Trident/7.0; gdn/adcp; rv:11.0) like Gecko" "AWJjWbcNxVO7GJSFAAAq"
0:0:0:0:0:0:0:1 - - [27/Mar/2018:11:06:28 +0530] "GET /api/l10n/index?locale=en-US&ts=2018-03-26T22%3A57%3A06%2B0530 HTTP/1.1" 304 - "http://localhost:9000/" "Mozilla/5.0 (Windows NT 10.0; WOW64; Trident/7.0; gdn/adcp; rv:11.0) like Gecko" "AWJjWbcNxVO7GJSFAAAs"
0:0:0:0:0:0:0:1 - - [27/Mar/2018:11:06:28 +0530] "GET /favicon.ico HTTP/1.1" 200 5430 "-" "Mozilla/5.0 (Windows NT 10.0; WOW64; Trident/7.0; gdn/adcp; rv:11.0) like Gecko" "AWJjWbcNxVO7GJSFAAAt"
0:0:0:0:0:0:0:1 - - [27/Mar/2018:11:06:28 +0530] "GET /api/system/status HTTP/1.1" 200 67 "http://localhost:9000/" "Mozilla/5.0 (Windows NT 10.0; WOW64; Trident/7.0; gdn/adcp; rv:11.0) like Gecko" "AWJjWbcNxVO7GJSFAAAu"
0:0:0:0:0:0:0:1 - - [27/Mar/2018:11:06:28 +0530] "GET /api/users/current HTTP/1.1" 200 98 "http://localhost:9000/" "Mozilla/5.0 (Windows NT 10.0; WOW64; Trident/7.0; gdn/adcp; rv:11.0) like Gecko" "AWJjWbcNxVO7GJSFAAAv"
0:0:0:0:0:0:0:1 - - [27/Mar/2018:11:06:28 +0530] "GET /api/languages/list HTTP/1.1" 200 214 "http://localhost:9000/" "Mozilla/5.0 (Windows NT 10.0; WOW64; Trident/7.0; gdn/adcp; rv:11.0) like Gecko" "AWJjWbcNxVO7GJSFAAAx"
0:0:0:0:0:0:0:1 - - [27/Mar/2018:11:06:28 +0530] "GET /api/navigation/global HTTP/1.1" 200 426 "http://localhost:9000/" "Mozilla/5.0 (Windows NT 10.0; WOW64; Trident/7.0; gdn/adcp; rv:11.0) like Gecko" "AWJjWbcNxVO7GJSFAAAw"
0:0:0:0:0:0:0:1 - - [27/Mar/2018:11:06:28 +0530] "GET /js/16.38470151.chunk.js HTTP/1.1" 200 - "http://localhost:9000/about" "Mozilla/5.0 (Windows NT 10.0; WOW64; Trident/7.0; gdn/adcp; rv:11.0) like Gecko" "AWJjWbcNxVO7GJSFAAAy"
0:0:0:0:0:0:0:1 - - [27/Mar/2018:11:06:29 +0530] "GET /images/logo.svg HTTP/1.1" 200 5848 "http://localhost:9000/about" "Mozilla/5.0 (Windows NT 10.0; WOW64; Trident/7.0; gdn/adcp; rv:11.0) like Gecko" "AWJjWbcNxVO7GJSFAAAz"
0:0:0:0:0:0:0:1 - - [27/Mar/2018:11:06:29 +0530] "GET /images/scanner-logos/sonarqube.svg HTTP/1.1" 200 8422 "http://localhost:9000/about" "Mozilla/5.0 (Windows NT 10.0; WOW64; Trident/7.0; gdn/adcp; rv:11.0) like Gecko" "AWJjWbcNxVO7GJSFAAA0"
0:0:0:0:0:0:0:1 - - [27/Mar/2018:11:06:29 +0530] "GET /images/scanner-logos/msbuild.svg HTTP/1.1" 200 722 "http://localhost:9000/about" "Mozilla/5.0 (Windows NT 10.0; WOW64; Trident/7.0; gdn/adcp; rv:11.0) like Gecko" "AWJjWbcNxVO7GJSFAAA2"
0:0:0:0:0:0:0:1 - - [27/Mar/2018:11:06:29 +0530] "GET /images/scanner-logos/gradle.svg HTTP/1.1" 200 3708 "http://localhost:9000/about" "Mozilla/5.0 (Windows NT 10.0; WOW64; Trident/7.0; gdn/adcp; rv:11.0) like Gecko" "AWJjWbcNxVO7GJSFAAA1"
0:0:0:0:0:0:0:1 - - [27/Mar/2018:11:06:29 +0530] "GET /images/scanner-logos/maven.svg HTTP/1.1" 200 2234 "http://localhost:9000/about" "Mozilla/5.0 (Windows NT 10.0; WOW64; Trident/7.0; gdn/adcp; rv:11.0) like Gecko" "AWJjWbcNxVO7GJSFAAA3"
0:0:0:0:0:0:0:1 - - [27/Mar/2018:11:06:29 +0530] "GET /images/scanner-logos/ant.svg HTTP/1.1" 200 9688 "http://localhost:9000/about" "Mozilla/5.0 (Windows NT 10.0; WOW64; Trident/7.0; gdn/adcp; rv:11.0) like Gecko" "AWJjWbcNxVO7GJSFAAA4"
0:0:0:0:0:0:0:1 - - [27/Mar/2018:11:06:29 +0530] "GET /images/scanner-logos/jenkins.svg HTTP/1.1" 200 14902 "http://localhost:9000/about" "Mozilla/5.0 (Windows NT 10.0; WOW64; Trident/7.0; gdn/adcp; rv:11.0) like Gecko" "AWJjWbcNxVO7GJSFAAA5"
0:0:0:0:0:0:0:1 - - [27/Mar/2018:11:06:29 +0530] "GET /api/settings/values?keys=sonar.lf.aboutText HTTP/1.1" 200 15 "http://localhost:9000/about" "Mozilla/5.0 (Windows NT 10.0; WOW64; Trident/7.0; gdn/adcp; rv:11.0) like Gecko" "AWJjWbcNxVO7GJSFAAA8"
0:0:0:0:0:0:0:1 - - [27/Mar/2018:11:06:29 +0530] "GET /fonts/sonar-5.2.eot? HTTP/1.1" 200 17992 "http://localhost:9000/about" "Mozilla/5.0 (Windows NT 10.0; WOW64; Trident/7.0; gdn/adcp; rv:11.0) like Gecko" "AWJjWbcNxVO7GJSFAAA9"
0:0:0:0:0:0:0:1 - - [27/Mar/2018:11:06:29 +0530] "GET /api/components/search_projects?ps=1 HTTP/1.1" 200 219 "http://localhost:9000/about" "Mozilla/5.0 (Windows NT 10.0; WOW64; Trident/7.0; gdn/adcp; rv:11.0) like Gecko" "AWJjWbcNxVO7GJSFAAA6"
0:0:0:0:0:0:0:1 - - [27/Mar/2018:11:06:29 +0530] "GET /api/issues/search?resolved=false&facets=types&ps=1&additionalFields=_all HTTP/1.1" 200 - "http://localhost:9000/about" "Mozilla/5.0 (Windows NT 10.0; WOW64; Trident/7.0; gdn/adcp; rv:11.0) like Gecko" "AWJjWbcNxVO7GJSFAAA7"
0:0:0:0:0:0:0:1 - - [27/Mar/2018:11:06:30 +0530] "GET /js/38.3436e8ce.chunk.js HTTP/1.1" 200 5787 "http://localhost:9000/sessions/new" "Mozilla/5.0 (Windows NT 10.0; WOW64; Trident/7.0; gdn/adcp; rv:11.0) like Gecko" "AWJjWbcNxVO7GJSFAAA+"
0:0:0:0:0:0:0:1 - - [27/Mar/2018:11:06:30 +0530] "GET /api/users/identity_providers HTTP/1.1" 200 24 "http://localhost:9000/sessions/new" "Mozilla/5.0 (Windows NT 10.0; WOW64; Trident/7.0; gdn/adcp; rv:11.0) like Gecko" "AWJjWbcNxVO7GJSFAAA/"
0:0:0:0:0:0:0:1 - - [27/Mar/2018:11:06:34 +0530] "POST /api/authentication/login HTTP/1.1" 200 - "http://localhost:9000/sessions/new" "Mozilla/5.0 (Windows NT 10.0; WOW64; Trident/7.0; gdn/adcp; rv:11.0) like Gecko" "AWJjWbcNxVO7GJSFAABA"
0:0:0:0:0:0:0:1 - - [27/Mar/2018:11:06:34 +0530] "GET / HTTP/1.1" 200 - "http://localhost:9000/sessions/new" "Mozilla/5.0 (Windows NT 10.0; WOW64; Trident/7.0; gdn/adcp; rv:11.0) like Gecko" "AWJjWbcNxVO7GJSFAABB"
0:0:0:0:0:0:0:1 - - [27/Mar/2018:11:06:35 +0530] "GET /api/l10n/index?locale=en-US&ts=2018-03-26T22%3A57%3A06%2B0530 HTTP/1.1" 304 - "http://localhost:9000/" "Mozilla/5.0 (Windows NT 10.0; WOW64; Trident/7.0; gdn/adcp; rv:11.0) like Gecko" "AWJjWbcNxVO7GJSFAABC"
0:0:0:0:0:0:0:1 - - [27/Mar/2018:11:06:35 +0530] "GET /api/system/status HTTP/1.1" 200 67 "http://localhost:9000/" "Mozilla/5.0 (Windows NT 10.0; WOW64; Trident/7.0; gdn/adcp; rv:11.0) like Gecko" "AWJjWbcNxVO7GJSFAABD"
0:0:0:0:0:0:0:1 - - [27/Mar/2018:11:06:35 +0530] "GET /api/users/current HTTP/1.1" 200 309 "http://localhost:9000/" "Mozilla/5.0 (Windows NT 10.0; WOW64; Trident/7.0; gdn/adcp; rv:11.0) like Gecko" "AWJjWbcNxVO7GJSFAABE"
0:0:0:0:0:0:0:1 - - [27/Mar/2018:11:06:35 +0530] "GET /api/languages/list HTTP/1.1" 200 214 "http://localhost:9000/" "Mozilla/5.0 (Windows NT 10.0; WOW64; Trident/7.0; gdn/adcp; rv:11.0) like Gecko" "AWJjWbcNxVO7GJSFAABG"
0:0:0:0:0:0:0:1 - - [27/Mar/2018:11:06:35 +0530] "GET /api/navigation/global HTTP/1.1" 200 425 "http://localhost:9000/" "Mozilla/5.0 (Windows NT 10.0; WOW64; Trident/7.0; gdn/adcp; rv:11.0) like Gecko" "AWJjWbcNxVO7GJSFAABF"
0:0:0:0:0:0:0:1 - - [27/Mar/2018:11:06:35 +0530] "GET /js/46.4eb8a1cc.chunk.js HTTP/1.1" 200 2836 "http://localhost:9000/projects" "Mozilla/5.0 (Windows NT 10.0; WOW64; Trident/7.0; gdn/adcp; rv:11.0) like Gecko" "AWJjWbcNxVO7GJSFAABH"
0:0:0:0:0:0:0:1 - - [27/Mar/2018:11:06:35 +0530] "GET /js/47.9d18b8b5.chunk.js HTTP/1.1" 200 1505 "http://localhost:9000/projects" "Mozilla/5.0 (Windows NT 10.0; WOW64; Trident/7.0; gdn/adcp; rv:11.0) like Gecko" "AWJjWbcNxVO7GJSFAABI"
0:0:0:0:0:0:0:1 - - [27/Mar/2018:11:06:35 +0530] "GET /api/components/search_projects?filter=isFavorite&ps=1 HTTP/1.1" 200 77 "http://localhost:9000/projects" "Mozilla/5.0 (Windows NT 10.0; WOW64; Trident/7.0; gdn/adcp; rv:11.0) like Gecko" "AWJjWbcNxVO7GJSFAABJ"
0:0:0:0:0:0:0:1 - - [27/Mar/2018:11:06:36 +0530] "GET /api/components/search_projects?ps=50&facets=reliability_rating%2Csecurity_rating%2Csqale_rating%2Ccoverage%2Cduplicated_lines_density%2Cncloc%2Calert_status%2Clanguages%2Ctags&f=analysisDate%2CleakPeriodDate HTTP/1.1" 200 - "http://localhost:9000/projects" "Mozilla/5.0 (Windows NT 10.0; WOW64; Trident/7.0; gdn/adcp; rv:11.0) like Gecko" "AWJjWbcNxVO7GJSFAABK"
0:0:0:0:0:0:0:1 - - [27/Mar/2018:11:06:36 +0530] "GET /api/measures/search?projectKeys=Vishnu-Kiran%2CHello&metricKeys=alert_status%2Creliability_rating%2Csecurity_rating%2Csqale_rating%2Cduplicated_lines_density%2Ccoverage%2Cncloc%2Cncloc_language_distribution HTTP/1.1" 200 - "http://localhost:9000/projects" "Mozilla/5.0 (Windows NT 10.0; WOW64; Trident/7.0; gdn/adcp; rv:11.0) like Gecko" "AWJjWbcNxVO7GJSFAABL"
0:0:0:0:0:0:0:1 - - [27/Mar/2018:11:06:36 +0530] "GET /api/organizations/search?organizations=default-organization HTTP/1.1" 200 144 "http://localhost:9000/projects" "Mozilla/5.0 (Windows NT 10.0; WOW64; Trident/7.0; gdn/adcp; rv:11.0) like Gecko" "AWJjWbcNxVO7GJSFAABM"
0:0:0:0:0:0:0:1 - - [27/Mar/2018:11:07:10 +0530] "GET /api/components/search_projects?ps=50&facets=reliability_rating%2Csecurity_rating%2Csqale_rating%2Ccoverage%2Cduplicated_lines_density%2Cncloc%2Calert_status%2Clanguages%2Ctags&f=analysisDate%2CleakPeriodDate HTTP/1.1" 200 - "http://localhost:9000/projects" "Mozilla/5.0 (Windows NT 10.0; WOW64; Trident/7.0; gdn/adcp; rv:11.0) like Gecko" "AWJjWbcNxVO7GJSFAABN"
0:0:0:0:0:0:0:1 - - [27/Mar/2018:11:07:10 +0530] "GET /api/organizations/search?organizations=default-organization HTTP/1.1" 200 144 "http://localhost:9000/projects" "Mozilla/5.0 (Windows NT 10.0; WOW64; Trident/7.0; gdn/adcp; rv:11.0) like Gecko" "AWJjWbcNxVO7GJSFAABP"
0:0:0:0:0:0:0:1 - - [27/Mar/2018:11:07:10 +0530] "GET /api/measures/search?projectKeys=Vishnu-Kiran%2CHello&metricKeys=alert_status%2Creliability_rating%2Csecurity_rating%2Csqale_rating%2Cduplicated_lines_density%2Ccoverage%2Cncloc%2Cncloc_language_distribution HTTP/1.1" 200 - "http://localhost:9000/projects" "Mozilla/5.0 (Windows NT 10.0; WOW64; Trident/7.0; gdn/adcp; rv:11.0) like Gecko" "AWJjWbcNxVO7GJSFAABO"
0:0:0:0:0:0:0:1 - - [27/Mar/2018:11:10:55 +0530] "GET / HTTP/1.1" 200 - "-" "Mozilla/5.0 (Windows NT 10.0; WOW64; Trident/7.0; gdn/adcp; rv:11.0) like Gecko" "AWJjWbcNxVO7GJSFAABQ"
0:0:0:0:0:0:0:1 - - [27/Mar/2018:11:10:55 +0530] "GET /api/l10n/index?locale=en-US&ts=2018-03-26T22%3A57%3A06%2B0530 HTTP/1.1" 304 - "http://localhost:9000/" "Mozilla/5.0 (Windows NT 10.0; WOW64; Trident/7.0; gdn/adcp; rv:11.0) like Gecko" "AWJjWbcNxVO7GJSFAABR"
0:0:0:0:0:0:0:1 - - [27/Mar/2018:11:10:55 +0530] "GET /api/system/status HTTP/1.1" 200 67 "http://localhost:9000/" "Mozilla/5.0 (Windows NT 10.0; WOW64; Trident/7.0; gdn/adcp; rv:11.0) like Gecko" "AWJjWbcNxVO7GJSFAABS"
0:0:0:0:0:0:0:1 - - [27/Mar/2018:11:10:56 +0530] "GET /api/users/current HTTP/1.1" 200 309 "http://localhost:9000/" "Mozilla/5.0 (Windows NT 10.0; WOW64; Trident/7.0; gdn/adcp; rv:11.0) like Gecko" "AWJjWbcNxVO7GJSFAABT"
0:0:0:0:0:0:0:1 - - [27/Mar/2018:11:10:56 +0530] "GET /api/languages/list HTTP/1.1" 200 214 "http://localhost:9000/" "Mozilla/5.0 (Windows NT 10.0; WOW64; Trident/7.0; gdn/adcp; rv:11.0) like Gecko" "AWJjWbcNxVO7GJSFAABV"
0:0:0:0:0:0:0:1 - - [27/Mar/2018:11:10:56 +0530] "GET /api/navigation/global HTTP/1.1" 200 425 "http://localhost:9000/" "Mozilla/5.0 (Windows NT 10.0; WOW64; Trident/7.0; gdn/adcp; rv:11.0) like Gecko" "AWJjWbcNxVO7GJSFAABU"
0:0:0:0:0:0:0:1 - - [27/Mar/2018:11:10:56 +0530] "GET /api/components/search_projects?ps=50&facets=reliability_rating%2Csecurity_rating%2Csqale_rating%2Ccoverage%2Cduplicated_lines_density%2Cncloc%2Calert_status%2Clanguages%2Ctags&f=analysisDate%2CleakPeriodDate HTTP/1.1" 200 - "http://localhost:9000/projects" "Mozilla/5.0 (Windows NT 10.0; WOW64; Trident/7.0; gdn/adcp; rv:11.0) like Gecko" "AWJjWbcNxVO7GJSFAABW"
0:0:0:0:0:0:0:1 - - [27/Mar/2018:11:10:56 +0530] "GET /api/organizations/search?organizations=default-organization HTTP/1.1" 200 144 "http://localhost:9000/projects" "Mozilla/5.0 (Windows NT 10.0; WOW64; Trident/7.0; gdn/adcp; rv:11.0) like Gecko" "AWJjWbcNxVO7GJSFAABY"
0:0:0:0:0:0:0:1 - - [27/Mar/2018:11:10:56 +0530] "GET /api/measures/search?projectKeys=Vishnu-Kiran%2CHello&metricKeys=alert_status%2Creliability_rating%2Csecurity_rating%2Csqale_rating%2Cduplicated_lines_density%2Ccoverage%2Cncloc%2Cncloc_language_distribution HTTP/1.1" 200 - "http://localhost:9000/projects" "Mozilla/5.0 (Windows NT 10.0; WOW64; Trident/7.0; gdn/adcp; rv:11.0) like Gecko" "AWJjWbcNxVO7GJSFAABX"
0:0:0:0:0:0:0:1 - - [27/Mar/2018:11:11:03 +0530] "GET /js/37.23abaad8.chunk.js HTTP/1.1" 200 6447 "http://localhost:9000/account" "Mozilla/5.0 (Windows NT 10.0; WOW64; Trident/7.0; gdn/adcp; rv:11.0) like Gecko" "AWJjWbcNxVO7GJSFAABZ"
0:0:0:0:0:0:0:1 - - [27/Mar/2018:11:11:03 +0530] "GET /js/33.888ba684.chunk.js HTTP/1.1" 200 - "http://localhost:9000/account" "Mozilla/5.0 (Windows NT 10.0; WOW64; Trident/7.0; gdn/adcp; rv:11.0) like Gecko" "AWJjWbcNxVO7GJSFAABa"
0:0:0:0:0:0:0:1 - - [27/Mar/2018:11:11:06 +0530] "GET /js/18.4ed9515a.chunk.js HTTP/1.1" 200 - "http://localhost:9000/account/security/" "Mozilla/5.0 (Windows NT 10.0; WOW64; Trident/7.0; gdn/adcp; rv:11.0) like Gecko" "AWJjWbcNxVO7GJSFAABb"
0:0:0:0:0:0:0:1 - - [27/Mar/2018:11:11:07 +0530] "GET /api/user_tokens/search?login=admin HTTP/1.1" 200 379 "http://localhost:9000/account/security/" "Mozilla/5.0 (Windows NT 10.0; WOW64; Trident/7.0; gdn/adcp; rv:11.0) like Gecko" "AWJjWbcNxVO7GJSFAABc"
0:0:0:0:0:0:0:1 - - [27/Mar/2018:11:11:17 +0530] "POST /api/user_tokens/generate HTTP/1.1" 400 88 "http://localhost:9000/account/security/" "Mozilla/5.0 (Windows NT 10.0; WOW64; Trident/7.0; gdn/adcp; rv:11.0) like Gecko" "AWJjWbcNxVO7GJSFAABd"
0:0:0:0:0:0:0:1 - - [27/Mar/2018:11:11:28 +0530] "POST /api/user_tokens/generate HTTP/1.1" 200 86 "http://localhost:9000/account/security/" "Mozilla/5.0 (Windows NT 10.0; WOW64; Trident/7.0; gdn/adcp; rv:11.0) like Gecko" "AWJjWbcNxVO7GJSFAABe"
0:0:0:0:0:0:0:1 - - [27/Mar/2018:11:11:28 +0530] "GET /api/user_tokens/search?login=admin HTTP/1.1" 200 438 "http://localhost:9000/account/security/" "Mozilla/5.0 (Windows NT 10.0; WOW64; Trident/7.0; gdn/adcp; rv:11.0) like Gecko" "AWJjWbcNxVO7GJSFAABf"
0:0:0:0:0:0:0:1 - - [27/Mar/2018:11:52:29 +0530] "POST /api/user_tokens/revoke HTTP/1.1" 204 - "http://localhost:9000/account/security/" "Mozilla/5.0 (Windows NT 10.0; WOW64; Trident/7.0; gdn/adcp; rv:11.0) like Gecko" "AWJjWbcNxVO7GJSFAABg"
0:0:0:0:0:0:0:1 - - [27/Mar/2018:11:52:29 +0530] "GET /api/user_tokens/search?login=admin HTTP/1.1" 200 379 "http://localhost:9000/account/security/" "Mozilla/5.0 (Windows NT 10.0; WOW64; Trident/7.0; gdn/adcp; rv:11.0) like Gecko" "AWJjWbcNxVO7GJSFAABh"
0:0:0:0:0:0:0:1 - - [27/Mar/2018:11:52:30 +0530] "POST /api/user_tokens/revoke HTTP/1.1" 204 - "http://localhost:9000/account/security/" "Mozilla/5.0 (Windows NT 10.0; WOW64; Trident/7.0; gdn/adcp; rv:11.0) like Gecko" "AWJjWbcNxVO7GJSFAABi"
0:0:0:0:0:0:0:1 - - [27/Mar/2018:11:52:30 +0530] "GET /api/user_tokens/search?login=admin HTTP/1.1" 200 379 "http://localhost:9000/account/security/" "Mozilla/5.0 (Windows NT 10.0; WOW64; Trident/7.0; gdn/adcp; rv:11.0) like Gecko" "AWJjWbcNxVO7GJSFAABj"
