0:0:0:0:0:0:0:1 - - [31/Oct/2017:14:06:55 +0530] "GET /api/system/status HTTP/1.1" 200 73 "http://localhost:9000/dashboard?id=Hello" "Mozilla/5.0 (Windows NT 10.0; Win64; x64) AppleWebKit/537.36 (KHTML, like Gecko) Chrome/61.0.3163.100 Safari/537.36" "-"
0:0:0:0:0:0:0:1 - - [31/Oct/2017:14:06:55 +0530] "GET /api/system/status HTTP/1.1" 200 73 "http://localhost:9000/maintenance" "Mozilla/5.0 (Windows NT 10.0; Win64; x64) AppleWebKit/537.36 (KHTML, like Gecko) Chrome/61.0.3163.100 Safari/537.36" "-"
0:0:0:0:0:0:0:1 - - [31/Oct/2017:14:07:00 +0530] "GET /api/system/status HTTP/1.1" 200 67 "http://localhost:9000/maintenance" "Mozilla/5.0 (Windows NT 10.0; Win64; x64) AppleWebKit/537.36 (KHTML, like Gecko) Chrome/61.0.3163.100 Safari/537.36" "AV9xk50kJMZ5qHVeAAAA"
0:0:0:0:0:0:0:1 - - [31/Oct/2017:14:07:02 +0530] "GET / HTTP/1.1" 200 - "http://localhost:9000/maintenance" "Mozilla/5.0 (Windows NT 10.0; Win64; x64) AppleWebKit/537.36 (KHTML, like Gecko) Chrome/61.0.3163.100 Safari/537.36" "AV9xk50kJMZ5qHVeAAAB"
0:0:0:0:0:0:0:1 - - [31/Oct/2017:14:07:03 +0530] "GET /api/l10n/index?locale=en-US&ts=2017-10-31T14%3A06%3A54%2B0530 HTTP/1.1" 304 - "http://localhost:9000/" "Mozilla/5.0 (Windows NT 10.0; Win64; x64) AppleWebKit/537.36 (KHTML, like Gecko) Chrome/61.0.3163.100 Safari/537.36" "AV9xk50kJMZ5qHVeAAAC"
0:0:0:0:0:0:0:1 - - [31/Oct/2017:14:07:03 +0530] "GET /api/system/status HTTP/1.1" 200 67 "http://localhost:9000/" "Mozilla/5.0 (Windows NT 10.0; Win64; x64) AppleWebKit/537.36 (KHTML, like Gecko) Chrome/61.0.3163.100 Safari/537.36" "AV9xk50kJMZ5qHVeAAAD"
0:0:0:0:0:0:0:1 - - [31/Oct/2017:14:07:03 +0530] "GET /api/users/current HTTP/1.1" 200 98 "http://localhost:9000/" "Mozilla/5.0 (Windows NT 10.0; Win64; x64) AppleWebKit/537.36 (KHTML, like Gecko) Chrome/61.0.3163.100 Safari/537.36" "AV9xk50kJMZ5qHVeAAAE"
0:0:0:0:0:0:0:1 - - [31/Oct/2017:14:07:03 +0530] "GET /api/navigation/global HTTP/1.1" 200 426 "http://localhost:9000/" "Mozilla/5.0 (Windows NT 10.0; Win64; x64) AppleWebKit/537.36 (KHTML, like Gecko) Chrome/61.0.3163.100 Safari/537.36" "AV9xk50kJMZ5qHVeAAAF"
0:0:0:0:0:0:0:1 - - [31/Oct/2017:14:07:03 +0530] "GET /api/languages/list HTTP/1.1" 200 214 "http://localhost:9000/" "Mozilla/5.0 (Windows NT 10.0; Win64; x64) AppleWebKit/537.36 (KHTML, like Gecko) Chrome/61.0.3163.100 Safari/537.36" "AV9xk50kJMZ5qHVeAAAG"
0:0:0:0:0:0:0:1 - - [31/Oct/2017:14:07:03 +0530] "GET /api/settings/values?keys=sonar.lf.aboutText HTTP/1.1" 200 15 "http://localhost:9000/about" "Mozilla/5.0 (Windows NT 10.0; Win64; x64) AppleWebKit/537.36 (KHTML, like Gecko) Chrome/61.0.3163.100 Safari/537.36" "AV9xk50kJMZ5qHVeAAAJ"
0:0:0:0:0:0:0:1 - - [31/Oct/2017:14:07:03 +0530] "GET /api/components/search_projects?ps=1 HTTP/1.1" 200 212 "http://localhost:9000/about" "Mozilla/5.0 (Windows NT 10.0; Win64; x64) AppleWebKit/537.36 (KHTML, like Gecko) Chrome/61.0.3163.100 Safari/537.36" "AV9xk50kJMZ5qHVeAAAH"
0:0:0:0:0:0:0:1 - - [31/Oct/2017:14:07:03 +0530] "GET /api/issues/search?resolved=false&facets=types&ps=1&additionalFields=_all HTTP/1.1" 200 - "http://localhost:9000/about" "Mozilla/5.0 (Windows NT 10.0; Win64; x64) AppleWebKit/537.36 (KHTML, like Gecko) Chrome/61.0.3163.100 Safari/537.36" "AV9xk50kJMZ5qHVeAAAI"
0:0:0:0:0:0:0:1 - - [31/Oct/2017:14:07:23 +0530] "GET /about HTTP/1.1" 200 - "-" "Mozilla/5.0 (Windows NT 10.0; Win64; x64) AppleWebKit/537.36 (KHTML, like Gecko) Chrome/61.0.3163.100 Safari/537.36" "AV9xk50kJMZ5qHVeAAAK"
0:0:0:0:0:0:0:1 - - [31/Oct/2017:14:07:24 +0530] "GET /api/l10n/index?locale=en-US&ts=2017-10-31T14%3A06%3A54%2B0530 HTTP/1.1" 304 - "http://localhost:9000/about" "Mozilla/5.0 (Windows NT 10.0; Win64; x64) AppleWebKit/537.36 (KHTML, like Gecko) Chrome/61.0.3163.100 Safari/537.36" "AV9xk50kJMZ5qHVeAAAL"
0:0:0:0:0:0:0:1 - - [31/Oct/2017:14:07:24 +0530] "GET /api/system/status HTTP/1.1" 200 67 "http://localhost:9000/about" "Mozilla/5.0 (Windows NT 10.0; Win64; x64) AppleWebKit/537.36 (KHTML, like Gecko) Chrome/61.0.3163.100 Safari/537.36" "AV9xk50kJMZ5qHVeAAAM"
0:0:0:0:0:0:0:1 - - [31/Oct/2017:14:07:24 +0530] "GET /api/users/current HTTP/1.1" 200 98 "http://localhost:9000/about" "Mozilla/5.0 (Windows NT 10.0; Win64; x64) AppleWebKit/537.36 (KHTML, like Gecko) Chrome/61.0.3163.100 Safari/537.36" "AV9xk50kJMZ5qHVeAAAN"
0:0:0:0:0:0:0:1 - - [31/Oct/2017:14:07:24 +0530] "GET /api/languages/list HTTP/1.1" 200 214 "http://localhost:9000/about" "Mozilla/5.0 (Windows NT 10.0; Win64; x64) AppleWebKit/537.36 (KHTML, like Gecko) Chrome/61.0.3163.100 Safari/537.36" "AV9xk50kJMZ5qHVeAAAO"
0:0:0:0:0:0:0:1 - - [31/Oct/2017:14:07:24 +0530] "GET /api/navigation/global HTTP/1.1" 200 426 "http://localhost:9000/about" "Mozilla/5.0 (Windows NT 10.0; Win64; x64) AppleWebKit/537.36 (KHTML, like Gecko) Chrome/61.0.3163.100 Safari/537.36" "AV9xk50kJMZ5qHVeAAAP"
0:0:0:0:0:0:0:1 - - [31/Oct/2017:14:07:24 +0530] "GET /api/settings/values?keys=sonar.lf.aboutText HTTP/1.1" 200 15 "http://localhost:9000/about" "Mozilla/5.0 (Windows NT 10.0; Win64; x64) AppleWebKit/537.36 (KHTML, like Gecko) Chrome/61.0.3163.100 Safari/537.36" "AV9xk50kJMZ5qHVeAAAS"
0:0:0:0:0:0:0:1 - - [31/Oct/2017:14:07:24 +0530] "GET /api/components/search_projects?ps=1 HTTP/1.1" 200 212 "http://localhost:9000/about" "Mozilla/5.0 (Windows NT 10.0; Win64; x64) AppleWebKit/537.36 (KHTML, like Gecko) Chrome/61.0.3163.100 Safari/537.36" "AV9xk50kJMZ5qHVeAAAQ"
0:0:0:0:0:0:0:1 - - [31/Oct/2017:14:07:24 +0530] "GET /api/issues/search?resolved=false&facets=types&ps=1&additionalFields=_all HTTP/1.1" 200 - "http://localhost:9000/about" "Mozilla/5.0 (Windows NT 10.0; Win64; x64) AppleWebKit/537.36 (KHTML, like Gecko) Chrome/61.0.3163.100 Safari/537.36" "AV9xk50kJMZ5qHVeAAAR"
