0:0:0:0:0:0:0:1 - - [06/Mar/2018:15:37:38 +0530] "GET /js/app.bf342fee.js HTTP/1.1" 200 - "http://localhost:9000/" "Mozilla/5.0 (Windows NT 10.0; WOW64; Trident/7.0; gdn/adcp; managedpc; rv:11.0) like Gecko" "AWH6x9yZsSBelf0mAAAD"
0:0:0:0:0:0:0:1 - - [06/Mar/2018:15:37:38 +0530] "GET /favicon.ico HTTP/1.1" 200 5430 "-" "Mozilla/5.0 (Windows NT 10.0; WOW64; Trident/7.0; gdn/adcp; managedpc; rv:11.0) like Gecko" "AWH6x9yZsSBelf0mAAAF"
0:0:0:0:0:0:0:1 - - [06/Mar/2018:15:37:38 +0530] "GET /api/l10n/index?locale=en-US HTTP/1.1" 200 - "http://localhost:9000/" "Mozilla/5.0 (Windows NT 10.0; WOW64; Trident/7.0; gdn/adcp; managedpc; rv:11.0) like Gecko" "AWH6x9yZsSBelf0mAAAE"
0:0:0:0:0:0:0:1 - - [06/Mar/2018:15:37:38 +0530] "GET /api/system/status HTTP/1.1" 200 67 "http://localhost:9000/" "Mozilla/5.0 (Windows NT 10.0; WOW64; Trident/7.0; gdn/adcp; managedpc; rv:11.0) like Gecko" "AWH6x9yZsSBelf0mAAAG"
0:0:0:0:0:0:0:1 - - [06/Mar/2018:15:37:39 +0530] "GET /api/users/current HTTP/1.1" 200 98 "http://localhost:9000/" "Mozilla/5.0 (Windows NT 10.0; WOW64; Trident/7.0; gdn/adcp; managedpc; rv:11.0) like Gecko" "AWH6x9yZsSBelf0mAAAH"
0:0:0:0:0:0:0:1 - - [06/Mar/2018:15:37:39 +0530] "GET /api/languages/list HTTP/1.1" 200 214 "http://localhost:9000/" "Mozilla/5.0 (Windows NT 10.0; WOW64; Trident/7.0; gdn/adcp; managedpc; rv:11.0) like Gecko" "AWH6x9yZsSBelf0mAAAI"
0:0:0:0:0:0:0:1 - - [06/Mar/2018:15:37:39 +0530] "GET /api/navigation/global HTTP/1.1" 200 426 "http://localhost:9000/" "Mozilla/5.0 (Windows NT 10.0; WOW64; Trident/7.0; gdn/adcp; managedpc; rv:11.0) like Gecko" "AWH6x9yZsSBelf0mAAAJ"
0:0:0:0:0:0:0:1 - - [06/Mar/2018:15:37:39 +0530] "GET /js/16.38470151.chunk.js HTTP/1.1" 200 - "http://localhost:9000/about" "Mozilla/5.0 (Windows NT 10.0; WOW64; Trident/7.0; gdn/adcp; managedpc; rv:11.0) like Gecko" "AWH6x9yZsSBelf0mAAAK"
0:0:0:0:0:0:0:1 - - [06/Mar/2018:15:37:39 +0530] "GET /images/scanner-logos/maven.svg HTTP/1.1" 200 2234 "http://localhost:9000/about" "Mozilla/5.0 (Windows NT 10.0; WOW64; Trident/7.0; gdn/adcp; managedpc; rv:11.0) like Gecko" "AWH6x9yZsSBelf0mAAAO"
0:0:0:0:0:0:0:1 - - [06/Mar/2018:15:37:39 +0530] "GET /images/scanner-logos/msbuild.svg HTTP/1.1" 200 722 "http://localhost:9000/about" "Mozilla/5.0 (Windows NT 10.0; WOW64; Trident/7.0; gdn/adcp; managedpc; rv:11.0) like Gecko" "AWH6x9yZsSBelf0mAAAM"
0:0:0:0:0:0:0:1 - - [06/Mar/2018:15:37:39 +0530] "GET /images/logo.svg HTTP/1.1" 200 5848 "http://localhost:9000/about" "Mozilla/5.0 (Windows NT 10.0; WOW64; Trident/7.0; gdn/adcp; managedpc; rv:11.0) like Gecko" "AWH6x9yZsSBelf0mAAAL"
0:0:0:0:0:0:0:1 - - [06/Mar/2018:15:37:39 +0530] "GET /images/scanner-logos/sonarqube.svg HTTP/1.1" 200 8422 "http://localhost:9000/about" "Mozilla/5.0 (Windows NT 10.0; WOW64; Trident/7.0; gdn/adcp; managedpc; rv:11.0) like Gecko" "AWH6x9yZsSBelf0mAAAN"
0:0:0:0:0:0:0:1 - - [06/Mar/2018:15:37:39 +0530] "GET /images/scanner-logos/gradle.svg HTTP/1.1" 200 3708 "http://localhost:9000/about" "Mozilla/5.0 (Windows NT 10.0; WOW64; Trident/7.0; gdn/adcp; managedpc; rv:11.0) like Gecko" "AWH6x9yZsSBelf0mAAAR"
0:0:0:0:0:0:0:1 - - [06/Mar/2018:15:37:39 +0530] "GET /images/scanner-logos/jenkins.svg HTTP/1.1" 200 14902 "http://localhost:9000/about" "Mozilla/5.0 (Windows NT 10.0; WOW64; Trident/7.0; gdn/adcp; managedpc; rv:11.0) like Gecko" "AWH6x9yZsSBelf0mAAAP"
0:0:0:0:0:0:0:1 - - [06/Mar/2018:15:37:39 +0530] "GET /images/scanner-logos/ant.svg HTTP/1.1" 200 9688 "http://localhost:9000/about" "Mozilla/5.0 (Windows NT 10.0; WOW64; Trident/7.0; gdn/adcp; managedpc; rv:11.0) like Gecko" "AWH6x9yZsSBelf0mAAAQ"
0:0:0:0:0:0:0:1 - - [06/Mar/2018:15:37:40 +0530] "GET /fonts/sonar-5.2.eot? HTTP/1.1" 200 17992 "http://localhost:9000/about" "Mozilla/5.0 (Windows NT 10.0; WOW64; Trident/7.0; gdn/adcp; managedpc; rv:11.0) like Gecko" "AWH6x9yZsSBelf0mAAAU"
0:0:0:0:0:0:0:1 - - [06/Mar/2018:15:37:40 +0530] "GET /api/settings/values?keys=sonar.lf.aboutText HTTP/1.1" 200 15 "http://localhost:9000/about" "Mozilla/5.0 (Windows NT 10.0; WOW64; Trident/7.0; gdn/adcp; managedpc; rv:11.0) like Gecko" "AWH6x9yZsSBelf0mAAAV"
0:0:0:0:0:0:0:1 - - [06/Mar/2018:15:37:40 +0530] "GET /api/components/search_projects?ps=1 HTTP/1.1" 200 219 "http://localhost:9000/about" "Mozilla/5.0 (Windows NT 10.0; WOW64; Trident/7.0; gdn/adcp; managedpc; rv:11.0) like Gecko" "AWH6x9yZsSBelf0mAAAT"
0:0:0:0:0:0:0:1 - - [06/Mar/2018:15:37:41 +0530] "GET /api/issues/search?resolved=false&facets=types&ps=1&additionalFields=_all HTTP/1.1" 200 - "http://localhost:9000/about" "Mozilla/5.0 (Windows NT 10.0; WOW64; Trident/7.0; gdn/adcp; managedpc; rv:11.0) like Gecko" "AWH6x9yZsSBelf0mAAAS"
0:0:0:0:0:0:0:1 - - [06/Mar/2018:15:39:16 +0530] "GET /js/38.3436e8ce.chunk.js HTTP/1.1" 200 5787 "http://localhost:9000/sessions/new" "Mozilla/5.0 (Windows NT 10.0; WOW64; Trident/7.0; gdn/adcp; managedpc; rv:11.0) like Gecko" "AWH6x9yZsSBelf0mAAAW"
0:0:0:0:0:0:0:1 - - [06/Mar/2018:15:39:16 +0530] "GET /api/users/identity_providers HTTP/1.1" 200 24 "http://localhost:9000/sessions/new" "Mozilla/5.0 (Windows NT 10.0; WOW64; Trident/7.0; gdn/adcp; managedpc; rv:11.0) like Gecko" "AWH6x9yZsSBelf0mAAAX"
0:0:0:0:0:0:0:1 - - [06/Mar/2018:15:39:25 +0530] "POST /api/authentication/login HTTP/1.1" 200 - "http://localhost:9000/sessions/new" "Mozilla/5.0 (Windows NT 10.0; WOW64; Trident/7.0; gdn/adcp; managedpc; rv:11.0) like Gecko" "AWH6x9yZsSBelf0mAAAY"
0:0:0:0:0:0:0:1 - - [06/Mar/2018:15:39:25 +0530] "GET / HTTP/1.1" 200 - "http://localhost:9000/sessions/new" "Mozilla/5.0 (Windows NT 10.0; WOW64; Trident/7.0; gdn/adcp; managedpc; rv:11.0) like Gecko" "AWH6x9yZsSBelf0mAAAZ"
0:0:0:0:0:0:0:1 - - [06/Mar/2018:15:39:26 +0530] "GET /api/l10n/index?locale=en-US&ts=2018-03-06T15%3A37%3A38%2B0530 HTTP/1.1" 304 - "http://localhost:9000/" "Mozilla/5.0 (Windows NT 10.0; WOW64; Trident/7.0; gdn/adcp; managedpc; rv:11.0) like Gecko" "AWH6x9yZsSBelf0mAAAa"
0:0:0:0:0:0:0:1 - - [06/Mar/2018:15:39:26 +0530] "GET /api/system/status HTTP/1.1" 200 67 "http://localhost:9000/" "Mozilla/5.0 (Windows NT 10.0; WOW64; Trident/7.0; gdn/adcp; managedpc; rv:11.0) like Gecko" "AWH6x9yZsSBelf0mAAAb"
0:0:0:0:0:0:0:1 - - [06/Mar/2018:15:39:26 +0530] "GET /api/users/current HTTP/1.1" 200 309 "http://localhost:9000/" "Mozilla/5.0 (Windows NT 10.0; WOW64; Trident/7.0; gdn/adcp; managedpc; rv:11.0) like Gecko" "AWH6x9yZsSBelf0mAAAc"
0:0:0:0:0:0:0:1 - - [06/Mar/2018:15:39:26 +0530] "GET /api/languages/list HTTP/1.1" 200 214 "http://localhost:9000/" "Mozilla/5.0 (Windows NT 10.0; WOW64; Trident/7.0; gdn/adcp; managedpc; rv:11.0) like Gecko" "AWH6x9yZsSBelf0mAAAe"
0:0:0:0:0:0:0:1 - - [06/Mar/2018:15:39:26 +0530] "GET /api/navigation/global HTTP/1.1" 200 425 "http://localhost:9000/" "Mozilla/5.0 (Windows NT 10.0; WOW64; Trident/7.0; gdn/adcp; managedpc; rv:11.0) like Gecko" "AWH6x9yZsSBelf0mAAAd"
0:0:0:0:0:0:0:1 - - [06/Mar/2018:15:39:26 +0530] "GET /js/46.4eb8a1cc.chunk.js HTTP/1.1" 200 2836 "http://localhost:9000/projects" "Mozilla/5.0 (Windows NT 10.0; WOW64; Trident/7.0; gdn/adcp; managedpc; rv:11.0) like Gecko" "AWH6x9yZsSBelf0mAAAf"
0:0:0:0:0:0:0:1 - - [06/Mar/2018:15:39:26 +0530] "GET /js/47.9d18b8b5.chunk.js HTTP/1.1" 200 1505 "http://localhost:9000/projects" "Mozilla/5.0 (Windows NT 10.0; WOW64; Trident/7.0; gdn/adcp; managedpc; rv:11.0) like Gecko" "AWH6x9yZsSBelf0mAAAg"
0:0:0:0:0:0:0:1 - - [06/Mar/2018:15:39:26 +0530] "GET /api/components/search_projects?filter=isFavorite&ps=1 HTTP/1.1" 200 77 "http://localhost:9000/projects" "Mozilla/5.0 (Windows NT 10.0; WOW64; Trident/7.0; gdn/adcp; managedpc; rv:11.0) like Gecko" "AWH6x9yZsSBelf0mAAAh"
0:0:0:0:0:0:0:1 - - [06/Mar/2018:15:39:27 +0530] "GET /api/components/search_projects?ps=50&facets=reliability_rating%2Csecurity_rating%2Csqale_rating%2Ccoverage%2Cduplicated_lines_density%2Cncloc%2Calert_status%2Clanguages%2Ctags&f=analysisDate%2CleakPeriodDate HTTP/1.1" 200 - "http://localhost:9000/projects" "Mozilla/5.0 (Windows NT 10.0; WOW64; Trident/7.0; gdn/adcp; managedpc; rv:11.0) like Gecko" "AWH6x9yZsSBelf0mAAAi"
0:0:0:0:0:0:0:1 - - [06/Mar/2018:15:39:27 +0530] "GET /api/organizations/search?organizations=default-organization HTTP/1.1" 200 144 "http://localhost:9000/projects" "Mozilla/5.0 (Windows NT 10.0; WOW64; Trident/7.0; gdn/adcp; managedpc; rv:11.0) like Gecko" "AWH6x9yZsSBelf0mAAAk"
0:0:0:0:0:0:0:1 - - [06/Mar/2018:15:39:27 +0530] "GET /api/measures/search?projectKeys=Vishnu-Kiran%2CHello&metricKeys=alert_status%2Creliability_rating%2Csecurity_rating%2Csqale_rating%2Cduplicated_lines_density%2Ccoverage%2Cncloc%2Cncloc_language_distribution HTTP/1.1" 200 - "http://localhost:9000/projects" "Mozilla/5.0 (Windows NT 10.0; WOW64; Trident/7.0; gdn/adcp; managedpc; rv:11.0) like Gecko" "AWH6x9yZsSBelf0mAAAj"
0:0:0:0:0:0:0:1 - - [06/Mar/2018:16:13:25 +0530] "GET /js/37.23abaad8.chunk.js HTTP/1.1" 200 6447 "http://localhost:9000/account" "Mozilla/5.0 (Windows NT 10.0; WOW64; Trident/7.0; gdn/adcp; managedpc; rv:11.0) like Gecko" "AWH6x9yZsSBelf0mAAAl"
0:0:0:0:0:0:0:1 - - [06/Mar/2018:16:13:26 +0530] "GET /js/33.888ba684.chunk.js HTTP/1.1" 200 - "http://localhost:9000/account" "Mozilla/5.0 (Windows NT 10.0; WOW64; Trident/7.0; gdn/adcp; managedpc; rv:11.0) like Gecko" "AWH6x9yZsSBelf0mAAAm"
0:0:0:0:0:0:0:1 - - [06/Mar/2018:16:13:28 +0530] "GET /js/18.4ed9515a.chunk.js HTTP/1.1" 200 - "http://localhost:9000/account/security/" "Mozilla/5.0 (Windows NT 10.0; WOW64; Trident/7.0; gdn/adcp; managedpc; rv:11.0) like Gecko" "AWH6x9yZsSBelf0mAAAn"
0:0:0:0:0:0:0:1 - - [06/Mar/2018:16:13:28 +0530] "GET /api/user_tokens/search?login=admin HTTP/1.1" 200 263 "http://localhost:9000/account/security/" "Mozilla/5.0 (Windows NT 10.0; WOW64; Trident/7.0; gdn/adcp; managedpc; rv:11.0) like Gecko" "AWH6x9yZsSBelf0mAAAo"
0:0:0:0:0:0:0:1 - - [06/Mar/2018:16:16:27 +0530] "POST /api/user_tokens/generate HTTP/1.1" 200 85 "http://localhost:9000/account/security/" "Mozilla/5.0 (Windows NT 10.0; WOW64; Trident/7.0; gdn/adcp; managedpc; rv:11.0) like Gecko" "AWH6x9yZsSBelf0mAAAp"
0:0:0:0:0:0:0:1 - - [06/Mar/2018:16:16:28 +0530] "GET /api/user_tokens/search?login=admin HTTP/1.1" 200 321 "http://localhost:9000/account/security/" "Mozilla/5.0 (Windows NT 10.0; WOW64; Trident/7.0; gdn/adcp; managedpc; rv:11.0) like Gecko" "AWH6x9yZsSBelf0mAAAq"
127.0.0.1 - - [06/Mar/2018:16:43:13 +0530] "GET /api/server/version HTTP/1.1" 200 - "-" "Scanner for Jenkins" "AWH6x9yZsSBelf0mAAAr"
127.0.0.1 - - [06/Mar/2018:16:43:13 +0530] "GET /api/qualitygates/project_status?projectKey=Hello HTTP/1.1" 200 636 "-" "Scanner for Jenkins" "AWH6x9yZsSBelf0mAAAs"
127.0.0.1 - - [06/Mar/2018:16:43:13 +0530] "GET /api/ce/task?id=AWG4QBNEBKCDWzPG8-ON HTTP/1.1" 200 468 "-" "Scanner for Jenkins" "AWH6x9yZsSBelf0mAAAt"
