2018.03.29 09:11:57 INFO  ce[][o.s.p.ProcessEntryPoint] Starting ce
2018.03.29 09:11:57 INFO  ce[][o.s.ce.app.CeServer] Compute Engine starting up...
2018.03.29 09:11:59 INFO  ce[][o.e.plugins] [Jericho Drumm] modules [], plugins [], sites []
2018.03.29 09:12:01 INFO  ce[][o.s.s.e.EsClientProvider] Connected to local Elasticsearch: [127.0.0.1:9001]
2018.03.29 09:12:01 INFO  ce[][o.sonar.db.Database] Create JDBC data source for jdbc:h2:tcp://127.0.0.1:9092/sonar
2018.03.29 09:12:01 WARN  ce[][o.s.d.DatabaseChecker] H2 database should be used for evaluation purpose only
2018.03.29 09:12:03 INFO  ce[][o.s.s.p.ServerFileSystemImpl] SonarQube home: C:\TestDevops-Softwares\Sonar
2018.03.29 09:12:04 INFO  ce[][o.s.c.c.CePluginRepository] Load plugins
2018.03.29 09:12:08 INFO  ce[][o.s.c.q.PurgeCeActivities] Delete the Compute Engine tasks created before Sat Sep 30 09:12:08 IST 2017
2018.03.29 09:12:08 INFO  ce[][o.s.ce.app.CeServer] Compute Engine is operational
2018.03.29 09:14:14 INFO  ce[AWJv2xswOXbApJh8btuM][o.s.c.t.CeWorkerImpl] Execute task | project=Hello | type=REPORT | id=AWJv2xswOXbApJh8btuM | submitter=admin
2018.03.29 09:14:26 INFO  ce[AWJv2xswOXbApJh8btuM][o.s.c.t.CeWorkerImpl] Executed task | project=Hello | type=REPORT | id=AWJv2xswOXbApJh8btuM | submitter=admin | time=12531ms
2018.03.29 14:20:45 INFO  ce[][o.s.p.ProcessEntryPoint] Starting ce
2018.03.29 14:20:45 INFO  ce[][o.s.ce.app.CeServer] Compute Engine starting up...
2018.03.29 14:20:46 INFO  ce[][o.e.plugins] [Scorpion] modules [], plugins [], sites []
2018.03.29 14:20:48 INFO  ce[][o.s.s.e.EsClientProvider] Connected to local Elasticsearch: [127.0.0.1:9001]
2018.03.29 14:20:48 INFO  ce[][o.sonar.db.Database] Create JDBC data source for jdbc:h2:tcp://127.0.0.1:9092/sonar
2018.03.29 14:20:48 WARN  ce[][o.s.d.DatabaseChecker] H2 database should be used for evaluation purpose only
2018.03.29 14:20:50 INFO  ce[][o.s.s.p.ServerFileSystemImpl] SonarQube home: C:\TestDevops-Softwares\Sonar
2018.03.29 14:20:51 INFO  ce[][o.s.c.c.CePluginRepository] Load plugins
2018.03.29 14:20:53 INFO  ce[][o.s.c.q.PurgeCeActivities] Delete the Compute Engine tasks created before Sat Sep 30 14:20:53 IST 2017
2018.03.29 14:20:54 INFO  ce[][o.s.ce.app.CeServer] Compute Engine is operational
2018.03.29 15:18:05 INFO  ce[][o.s.p.ProcessEntryPoint] Starting ce
2018.03.29 15:18:05 INFO  ce[][o.s.ce.app.CeServer] Compute Engine starting up...
2018.03.29 15:18:07 INFO  ce[][o.e.plugins] [Cain Marko] modules [], plugins [], sites []
2018.03.29 15:18:10 INFO  ce[][o.s.s.e.EsClientProvider] Connected to local Elasticsearch: [127.0.0.1:9001]
2018.03.29 15:18:10 INFO  ce[][o.sonar.db.Database] Create JDBC data source for jdbc:h2:tcp://127.0.0.1:9092/sonar
2018.03.29 15:18:10 WARN  ce[][o.s.d.DatabaseChecker] H2 database should be used for evaluation purpose only
2018.03.29 15:18:13 INFO  ce[][o.s.s.p.ServerFileSystemImpl] SonarQube home: C:\TestDevops-Softwares\Sonar
2018.03.29 15:18:13 INFO  ce[][o.s.c.c.CePluginRepository] Load plugins
2018.03.29 15:18:17 INFO  ce[][o.s.c.q.PurgeCeActivities] Delete the Compute Engine tasks created before Sat Sep 30 15:18:17 IST 2017
2018.03.29 15:18:17 INFO  ce[][o.s.ce.app.CeServer] Compute Engine is operational
2018.03.29 15:39:26 INFO  ce[][o.s.p.ProcessEntryPoint] Starting ce
2018.03.29 15:39:26 INFO  ce[][o.s.ce.app.CeServer] Compute Engine starting up...
2018.03.29 15:39:29 INFO  ce[][o.e.plugins] [Umar] modules [], plugins [], sites []
2018.03.29 15:39:35 INFO  ce[][o.s.s.e.EsClientProvider] Connected to local Elasticsearch: [127.0.0.1:9001]
2018.03.29 15:39:35 INFO  ce[][o.sonar.db.Database] Create JDBC data source for jdbc:h2:tcp://127.0.0.1:9092/sonar
2018.03.29 15:39:36 WARN  ce[][o.s.d.DatabaseChecker] H2 database should be used for evaluation purpose only
2018.03.29 15:39:42 INFO  ce[][o.s.s.p.ServerFileSystemImpl] SonarQube home: C:\TestDevops-Softwares\Sonar
2018.03.29 15:39:43 INFO  ce[][o.s.c.c.CePluginRepository] Load plugins
2018.03.29 15:39:48 INFO  ce[][o.s.c.q.PurgeCeActivities] Delete the Compute Engine tasks created before Sat Sep 30 15:39:48 IST 2017
2018.03.29 15:39:48 INFO  ce[][o.s.ce.app.CeServer] Compute Engine is operational
2018.03.29 15:40:55 INFO  ce[AWJxPRTIpP1pBMXRxHP4][o.s.c.t.CeWorkerImpl] Execute task | project=Hello | type=REPORT | id=AWJxPRTIpP1pBMXRxHP4 | submitter=admin
2018.03.29 15:41:06 INFO  ce[AWJxPRTIpP1pBMXRxHP4][o.s.c.t.CeWorkerImpl] Executed task | project=Hello | type=REPORT | id=AWJxPRTIpP1pBMXRxHP4 | submitter=admin | time=11049ms
2018.03.29 15:41:28 INFO  ce[AWJxPZ3NpP1pBMXRxHP5][o.s.c.t.CeWorkerImpl] Execute task | project=Hello | type=REPORT | id=AWJxPZ3NpP1pBMXRxHP5 | submitter=admin
2018.03.29 15:41:29 INFO  ce[AWJxPZ3NpP1pBMXRxHP5][o.s.c.t.CeWorkerImpl] Executed task | project=Hello | type=REPORT | id=AWJxPZ3NpP1pBMXRxHP5 | submitter=admin | time=1673ms
2018.03.29 15:44:46 INFO  ce[AWJxQKxZpP1pBMXRxHP7][o.s.c.t.CeWorkerImpl] Execute task | project=Hello | type=REPORT | id=AWJxQKxZpP1pBMXRxHP7 | submitter=admin
2018.03.29 15:44:49 INFO  ce[AWJxQKxZpP1pBMXRxHP7][o.s.c.t.CeWorkerImpl] Executed task | project=Hello | type=REPORT | id=AWJxQKxZpP1pBMXRxHP7 | submitter=admin | time=2719ms
2018.03.29 15:50:08 INFO  ce[AWJxRY1spP1pBMXRxHP8][o.s.c.t.CeWorkerImpl] Execute task | project=Hello | type=REPORT | id=AWJxRY1spP1pBMXRxHP8 | submitter=admin
2018.03.29 15:50:09 INFO  ce[AWJxRY1spP1pBMXRxHP8][o.s.c.t.CeWorkerImpl] Executed task | project=Hello | type=REPORT | id=AWJxRY1spP1pBMXRxHP8 | submitter=admin | time=1156ms
